The system is: Linux - 5.4.0-89-generic - x86_64
Compiling the C compiler identification source file "CMakeCCompilerId.c" succeeded.
Compiler: /usr/bin/cc 
Build flags: 
Id flags:  

The output was:
0


Compilation of the C compiler identification source "CMakeCCompilerId.c" produced "a.out"

The C compiler identification is GNU, found in "/home/jindong/SLAM/Chap6/L6_code/Optical_Flow/build/CMakeFiles/3.17.3/CompilerIdC/a.out"

Compiling the CXX compiler identification source file "CMakeCXXCompilerId.cpp" succeeded.
Compiler: /usr/bin/c++ 
Build flags: 
Id flags:  

The output was:
0


Compilation of the CXX compiler identification source "CMakeCXXCompilerId.cpp" produced "a.out"

The CXX compiler identification is GNU, found in "/home/jindong/SLAM/Chap6/L6_code/Optical_Flow/build/CMakeFiles/3.17.3/CompilerIdCXX/a.out"

Determining if the C compiler works passed with the following output:
Change Dir: /home/jindong/SLAM/Chap6/L6_code/Optical_Flow/build/CMakeFiles/CMakeTmp

Run Build Command(s):/usr/bin/make cmTC_8f1da/fast && /usr/bin/make  -f CMakeFiles/cmTC_8f1da.dir/build.make CMakeFiles/cmTC_8f1da.dir/build
make[1]: Entering directory '/home/jindong/SLAM/Chap6/L6_code/Optical_Flow/build/CMakeFiles/CMakeTmp'
Building C object CMakeFiles/cmTC_8f1da.dir/testCCompiler.c.o
/usr/bin/cc    -o CMakeFiles/cmTC_8f1da.dir/testCCompiler.c.o   -c /home/jindong/SLAM/Chap6/L6_code/Optical_Flow/build/CMakeFiles/CMakeTmp/testCCompiler.c
Linking C executable cmTC_8f1da
/usr/local/bin/cmake -E cmake_link_script CMakeFiles/cmTC_8f1da.dir/link.txt --verbose=1
/usr/bin/cc      -rdynamic CMakeFiles/cmTC_8f1da.dir/testCCompiler.c.o  -o cmTC_8f1da 
make[1]: Leaving directory '/home/jindong/SLAM/Chap6/L6_code/Optical_Flow/build/CMakeFiles/CMakeTmp'



Detecting C compiler ABI info compiled with the following output:
Change Dir: /home/jindong/SLAM/Chap6/L6_code/Optical_Flow/build/CMakeFiles/CMakeTmp

Run Build Command(s):/usr/bin/make cmTC_4a6d9/fast && /usr/bin/make  -f CMakeFiles/cmTC_4a6d9.dir/build.make CMakeFiles/cmTC_4a6d9.dir/build
make[1]: Entering directory '/home/jindong/SLAM/Chap6/L6_code/Optical_Flow/build/CMakeFiles/CMakeTmp'
Building C object CMakeFiles/cmTC_4a6d9.dir/CMakeCCompilerABI.c.o
/usr/bin/cc   -v -o CMakeFiles/cmTC_4a6d9.dir/CMakeCCompilerABI.c.o   -c /usr/local/share/cmake-3.17/Modules/CMakeCCompilerABI.c
Using built-in specs.
COLLECT_GCC=/usr/bin/cc
Target: x86_64-pc-linux-gnu
Configured with: ../configure -enable-checking=release -enable-languages=c,c++ -disable-multilib
Thread model: posix
Supported LTO compression algorithms: zlib
gcc version 11.2.0 (GCC) 
COLLECT_GCC_OPTIONS='-v' '-o' 'CMakeFiles/cmTC_4a6d9.dir/CMakeCCompilerABI.c.o' '-c' '-mtune=generic' '-march=x86-64' '-dumpdir' 'CMakeFiles/cmTC_4a6d9.dir/'
 /usr/local/libexec/gcc/x86_64-pc-linux-gnu/11.2.0/cc1 -quiet -v -imultiarch x86_64-linux-gnu /usr/local/share/cmake-3.17/Modules/CMakeCCompilerABI.c -quiet -dumpdir CMakeFiles/cmTC_4a6d9.dir/ -dumpbase CMakeCCompilerABI.c.c -dumpbase-ext .c -mtune=generic -march=x86-64 -version -o /tmp/cctlxoiq.s
GNU C17 (GCC) version 11.2.0 (x86_64-pc-linux-gnu)
	compiled by GNU C version 11.2.0, GMP version 6.1.0, MPFR version 3.1.6, MPC version 1.0.3, isl version isl-0.18-GMP

GGC heuristics: --param ggc-min-expand=100 --param ggc-min-heapsize=131072
ignoring nonexistent directory "/usr/local/include/x86_64-linux-gnu"
ignoring nonexistent directory "/usr/local/lib/gcc/x86_64-pc-linux-gnu/11.2.0/../../../../x86_64-pc-linux-gnu/include"
#include "..." search starts here:
#include <...> search starts here:
 /usr/local/lib/gcc/x86_64-pc-linux-gnu/11.2.0/include
 /usr/local/include
 /usr/local/lib/gcc/x86_64-pc-linux-gnu/11.2.0/include-fixed
 /usr/include/x86_64-linux-gnu
 /usr/include
End of search list.
GNU C17 (GCC) version 11.2.0 (x86_64-pc-linux-gnu)
	compiled by GNU C version 11.2.0, GMP version 6.1.0, MPFR version 3.1.6, MPC version 1.0.3, isl version isl-0.18-GMP

GGC heuristics: --param ggc-min-expand=100 --param ggc-min-heapsize=131072
Compiler executable checksum: e9d7ab05278a47bc682de59246005379
COLLECT_GCC_OPTIONS='-v' '-o' 'CMakeFiles/cmTC_4a6d9.dir/CMakeCCompilerABI.c.o' '-c' '-mtune=generic' '-march=x86-64' '-dumpdir' 'CMakeFiles/cmTC_4a6d9.dir/'
 as -v --64 -o CMakeFiles/cmTC_4a6d9.dir/CMakeCCompilerABI.c.o /tmp/cctlxoiq.s
GNU assembler version 2.30 (x86_64-linux-gnu) using BFD version (GNU Binutils for Ubuntu) 2.30
COMPILER_PATH=/usr/local/libexec/gcc/x86_64-pc-linux-gnu/11.2.0/:/usr/local/libexec/gcc/x86_64-pc-linux-gnu/11.2.0/:/usr/local/libexec/gcc/x86_64-pc-linux-gnu/:/usr/local/lib/gcc/x86_64-pc-linux-gnu/11.2.0/:/usr/local/lib/gcc/x86_64-pc-linux-gnu/
LIBRARY_PATH=/usr/local/lib/gcc/x86_64-pc-linux-gnu/11.2.0/:/usr/local/lib/gcc/x86_64-pc-linux-gnu/11.2.0/../../../../lib64/:/lib/x86_64-linux-gnu/:/lib/../lib64/:/usr/lib/x86_64-linux-gnu/:/usr/local/lib/gcc/x86_64-pc-linux-gnu/11.2.0/../../../:/lib/:/usr/lib/
COLLECT_GCC_OPTIONS='-v' '-o' 'CMakeFiles/cmTC_4a6d9.dir/CMakeCCompilerABI.c.o' '-c' '-mtune=generic' '-march=x86-64' '-dumpdir' 'CMakeFiles/cmTC_4a6d9.dir/CMakeCCompilerABI.c.'
Linking C executable cmTC_4a6d9
/usr/local/bin/cmake -E cmake_link_script CMakeFiles/cmTC_4a6d9.dir/link.txt --verbose=1
/usr/bin/cc     -v -rdynamic CMakeFiles/cmTC_4a6d9.dir/CMakeCCompilerABI.c.o  -o cmTC_4a6d9 
Using built-in specs.
COLLECT_GCC=/usr/bin/cc
COLLECT_LTO_WRAPPER=/usr/local/libexec/gcc/x86_64-pc-linux-gnu/11.2.0/lto-wrapper
Target: x86_64-pc-linux-gnu
Configured with: ../configure -enable-checking=release -enable-languages=c,c++ -disable-multilib
Thread model: posix
Supported LTO compression algorithms: zlib
gcc version 11.2.0 (GCC) 
COMPILER_PATH=/usr/local/libexec/gcc/x86_64-pc-linux-gnu/11.2.0/:/usr/local/libexec/gcc/x86_64-pc-linux-gnu/11.2.0/:/usr/local/libexec/gcc/x86_64-pc-linux-gnu/:/usr/local/lib/gcc/x86_64-pc-linux-gnu/11.2.0/:/usr/local/lib/gcc/x86_64-pc-linux-gnu/
LIBRARY_PATH=/usr/local/lib/gcc/x86_64-pc-linux-gnu/11.2.0/:/usr/local/lib/gcc/x86_64-pc-linux-gnu/11.2.0/../../../../lib64/:/lib/x86_64-linux-gnu/:/lib/../lib64/:/usr/lib/x86_64-linux-gnu/:/usr/local/lib/gcc/x86_64-pc-linux-gnu/11.2.0/../../../:/lib/:/usr/lib/
COLLECT_GCC_OPTIONS='-v' '-rdynamic' '-o' 'cmTC_4a6d9' '-mtune=generic' '-march=x86-64' '-dumpdir' 'cmTC_4a6d9.'
 /usr/local/libexec/gcc/x86_64-pc-linux-gnu/11.2.0/collect2 -plugin /usr/local/libexec/gcc/x86_64-pc-linux-gnu/11.2.0/liblto_plugin.so -plugin-opt=/usr/local/libexec/gcc/x86_64-pc-linux-gnu/11.2.0/lto-wrapper -plugin-opt=-fresolution=/tmp/cckYtcqx.res -plugin-opt=-pass-through=-lgcc -plugin-opt=-pass-through=-lgcc_s -plugin-opt=-pass-through=-lc -plugin-opt=-pass-through=-lgcc -plugin-opt=-pass-through=-lgcc_s --eh-frame-hdr -m elf_x86_64 -export-dynamic -dynamic-linker /lib64/ld-linux-x86-64.so.2 -o cmTC_4a6d9 /usr/lib/x86_64-linux-gnu/crt1.o /usr/lib/x86_64-linux-gnu/crti.o /usr/local/lib/gcc/x86_64-pc-linux-gnu/11.2.0/crtbegin.o -L/usr/local/lib/gcc/x86_64-pc-linux-gnu/11.2.0 -L/usr/local/lib/gcc/x86_64-pc-linux-gnu/11.2.0/../../../../lib64 -L/lib/x86_64-linux-gnu -L/lib/../lib64 -L/usr/lib/x86_64-linux-gnu -L/usr/local/lib/gcc/x86_64-pc-linux-gnu/11.2.0/../../.. CMakeFiles/cmTC_4a6d9.dir/CMakeCCompilerABI.c.o -lgcc --push-state --as-needed -lgcc_s --pop-state -lc -lgcc --push-state --as-needed -lgcc_s --pop-state /usr/local/lib/gcc/x86_64-pc-linux-gnu/11.2.0/crtend.o /usr/lib/x86_64-linux-gnu/crtn.o
COLLECT_GCC_OPTIONS='-v' '-rdynamic' '-o' 'cmTC_4a6d9' '-mtune=generic' '-march=x86-64' '-dumpdir' 'cmTC_4a6d9.'
make[1]: Leaving directory '/home/jindong/SLAM/Chap6/L6_code/Optical_Flow/build/CMakeFiles/CMakeTmp'



Parsed C implicit include dir info from above output: rv=done
  found start of include info
  found start of implicit include info
    add: [/usr/local/lib/gcc/x86_64-pc-linux-gnu/11.2.0/include]
    add: [/usr/local/include]
    add: [/usr/local/lib/gcc/x86_64-pc-linux-gnu/11.2.0/include-fixed]
    add: [/usr/include/x86_64-linux-gnu]
    add: [/usr/include]
  end of search list found
  collapse include dir [/usr/local/lib/gcc/x86_64-pc-linux-gnu/11.2.0/include] ==> [/usr/local/lib/gcc/x86_64-pc-linux-gnu/11.2.0/include]
  collapse include dir [/usr/local/include] ==> [/usr/local/include]
  collapse include dir [/usr/local/lib/gcc/x86_64-pc-linux-gnu/11.2.0/include-fixed] ==> [/usr/local/lib/gcc/x86_64-pc-linux-gnu/11.2.0/include-fixed]
  collapse include dir [/usr/include/x86_64-linux-gnu] ==> [/usr/include/x86_64-linux-gnu]
  collapse include dir [/usr/include] ==> [/usr/include]
  implicit include dirs: [/usr/local/lib/gcc/x86_64-pc-linux-gnu/11.2.0/include;/usr/local/include;/usr/local/lib/gcc/x86_64-pc-linux-gnu/11.2.0/include-fixed;/usr/include/x86_64-linux-gnu;/usr/include]


Parsed C implicit link information from above output:
  link line regex: [^( *|.*[/\])(ld|CMAKE_LINK_STARTFILE-NOTFOUND|([^/\]+-)?ld|collect2)[^/\]*( |$)]
  ignore line: [Change Dir: /home/jindong/SLAM/Chap6/L6_code/Optical_Flow/build/CMakeFiles/CMakeTmp]
  ignore line: []
  ignore line: [Run Build Command(s):/usr/bin/make cmTC_4a6d9/fast && /usr/bin/make  -f CMakeFiles/cmTC_4a6d9.dir/build.make CMakeFiles/cmTC_4a6d9.dir/build]
  ignore line: [make[1]: Entering directory '/home/jindong/SLAM/Chap6/L6_code/Optical_Flow/build/CMakeFiles/CMakeTmp']
  ignore line: [Building C object CMakeFiles/cmTC_4a6d9.dir/CMakeCCompilerABI.c.o]
  ignore line: [/usr/bin/cc   -v -o CMakeFiles/cmTC_4a6d9.dir/CMakeCCompilerABI.c.o   -c /usr/local/share/cmake-3.17/Modules/CMakeCCompilerABI.c]
  ignore line: [Using built-in specs.]
  ignore line: [COLLECT_GCC=/usr/bin/cc]
  ignore line: [Target: x86_64-pc-linux-gnu]
  ignore line: [Configured with: ../configure -enable-checking=release -enable-languages=c c++ -disable-multilib]
  ignore line: [Thread model: posix]
  ignore line: [Supported LTO compression algorithms: zlib]
  ignore line: [gcc version 11.2.0 (GCC) ]
  ignore line: [COLLECT_GCC_OPTIONS='-v' '-o' 'CMakeFiles/cmTC_4a6d9.dir/CMakeCCompilerABI.c.o' '-c' '-mtune=generic' '-march=x86-64' '-dumpdir' 'CMakeFiles/cmTC_4a6d9.dir/']
  ignore line: [ /usr/local/libexec/gcc/x86_64-pc-linux-gnu/11.2.0/cc1 -quiet -v -imultiarch x86_64-linux-gnu /usr/local/share/cmake-3.17/Modules/CMakeCCompilerABI.c -quiet -dumpdir CMakeFiles/cmTC_4a6d9.dir/ -dumpbase CMakeCCompilerABI.c.c -dumpbase-ext .c -mtune=generic -march=x86-64 -version -o /tmp/cctlxoiq.s]
  ignore line: [GNU C17 (GCC) version 11.2.0 (x86_64-pc-linux-gnu)]
  ignore line: [	compiled by GNU C version 11.2.0  GMP version 6.1.0  MPFR version 3.1.6  MPC version 1.0.3  isl version isl-0.18-GMP]
  ignore line: []
  ignore line: [GGC heuristics: --param ggc-min-expand=100 --param ggc-min-heapsize=131072]
  ignore line: [ignoring nonexistent directory "/usr/local/include/x86_64-linux-gnu"]
  ignore line: [ignoring nonexistent directory "/usr/local/lib/gcc/x86_64-pc-linux-gnu/11.2.0/../../../../x86_64-pc-linux-gnu/include"]
  ignore line: [#include "..." search starts here:]
  ignore line: [#include <...> search starts here:]
  ignore line: [ /usr/local/lib/gcc/x86_64-pc-linux-gnu/11.2.0/include]
  ignore line: [ /usr/local/include]
  ignore line: [ /usr/local/lib/gcc/x86_64-pc-linux-gnu/11.2.0/include-fixed]
  ignore line: [ /usr/include/x86_64-linux-gnu]
  ignore line: [ /usr/include]
  ignore line: [End of search list.]
  ignore line: [GNU C17 (GCC) version 11.2.0 (x86_64-pc-linux-gnu)]
  ignore line: [	compiled by GNU C version 11.2.0  GMP version 6.1.0  MPFR version 3.1.6  MPC version 1.0.3  isl version isl-0.18-GMP]
  ignore line: []
  ignore line: [GGC heuristics: --param ggc-min-expand=100 --param ggc-min-heapsize=131072]
  ignore line: [Compiler executable checksum: e9d7ab05278a47bc682de59246005379]
  ignore line: [COLLECT_GCC_OPTIONS='-v' '-o' 'CMakeFiles/cmTC_4a6d9.dir/CMakeCCompilerABI.c.o' '-c' '-mtune=generic' '-march=x86-64' '-dumpdir' 'CMakeFiles/cmTC_4a6d9.dir/']
  ignore line: [ as -v --64 -o CMakeFiles/cmTC_4a6d9.dir/CMakeCCompilerABI.c.o /tmp/cctlxoiq.s]
  ignore line: [GNU assembler version 2.30 (x86_64-linux-gnu) using BFD version (GNU Binutils for Ubuntu) 2.30]
  ignore line: [COMPILER_PATH=/usr/local/libexec/gcc/x86_64-pc-linux-gnu/11.2.0/:/usr/local/libexec/gcc/x86_64-pc-linux-gnu/11.2.0/:/usr/local/libexec/gcc/x86_64-pc-linux-gnu/:/usr/local/lib/gcc/x86_64-pc-linux-gnu/11.2.0/:/usr/local/lib/gcc/x86_64-pc-linux-gnu/]
  ignore line: [LIBRARY_PATH=/usr/local/lib/gcc/x86_64-pc-linux-gnu/11.2.0/:/usr/local/lib/gcc/x86_64-pc-linux-gnu/11.2.0/../../../../lib64/:/lib/x86_64-linux-gnu/:/lib/../lib64/:/usr/lib/x86_64-linux-gnu/:/usr/local/lib/gcc/x86_64-pc-linux-gnu/11.2.0/../../../:/lib/:/usr/lib/]
  ignore line: [COLLECT_GCC_OPTIONS='-v' '-o' 'CMakeFiles/cmTC_4a6d9.dir/CMakeCCompilerABI.c.o' '-c' '-mtune=generic' '-march=x86-64' '-dumpdir' 'CMakeFiles/cmTC_4a6d9.dir/CMakeCCompilerABI.c.']
  ignore line: [Linking C executable cmTC_4a6d9]
  ignore line: [/usr/local/bin/cmake -E cmake_link_script CMakeFiles/cmTC_4a6d9.dir/link.txt --verbose=1]
  ignore line: [/usr/bin/cc     -v -rdynamic CMakeFiles/cmTC_4a6d9.dir/CMakeCCompilerABI.c.o  -o cmTC_4a6d9 ]
  ignore line: [Using built-in specs.]
  ignore line: [COLLECT_GCC=/usr/bin/cc]
  ignore line: [COLLECT_LTO_WRAPPER=/usr/local/libexec/gcc/x86_64-pc-linux-gnu/11.2.0/lto-wrapper]
  ignore line: [Target: x86_64-pc-linux-gnu]
  ignore line: [Configured with: ../configure -enable-checking=release -enable-languages=c c++ -disable-multilib]
  ignore line: [Thread model: posix]
  ignore line: [Supported LTO compression algorithms: zlib]
  ignore line: [gcc version 11.2.0 (GCC) ]
  ignore line: [COMPILER_PATH=/usr/local/libexec/gcc/x86_64-pc-linux-gnu/11.2.0/:/usr/local/libexec/gcc/x86_64-pc-linux-gnu/11.2.0/:/usr/local/libexec/gcc/x86_64-pc-linux-gnu/:/usr/local/lib/gcc/x86_64-pc-linux-gnu/11.2.0/:/usr/local/lib/gcc/x86_64-pc-linux-gnu/]
  ignore line: [LIBRARY_PATH=/usr/local/lib/gcc/x86_64-pc-linux-gnu/11.2.0/:/usr/local/lib/gcc/x86_64-pc-linux-gnu/11.2.0/../../../../lib64/:/lib/x86_64-linux-gnu/:/lib/../lib64/:/usr/lib/x86_64-linux-gnu/:/usr/local/lib/gcc/x86_64-pc-linux-gnu/11.2.0/../../../:/lib/:/usr/lib/]
  ignore line: [COLLECT_GCC_OPTIONS='-v' '-rdynamic' '-o' 'cmTC_4a6d9' '-mtune=generic' '-march=x86-64' '-dumpdir' 'cmTC_4a6d9.']
  link line: [ /usr/local/libexec/gcc/x86_64-pc-linux-gnu/11.2.0/collect2 -plugin /usr/local/libexec/gcc/x86_64-pc-linux-gnu/11.2.0/liblto_plugin.so -plugin-opt=/usr/local/libexec/gcc/x86_64-pc-linux-gnu/11.2.0/lto-wrapper -plugin-opt=-fresolution=/tmp/cckYtcqx.res -plugin-opt=-pass-through=-lgcc -plugin-opt=-pass-through=-lgcc_s -plugin-opt=-pass-through=-lc -plugin-opt=-pass-through=-lgcc -plugin-opt=-pass-through=-lgcc_s --eh-frame-hdr -m elf_x86_64 -export-dynamic -dynamic-linker /lib64/ld-linux-x86-64.so.2 -o cmTC_4a6d9 /usr/lib/x86_64-linux-gnu/crt1.o /usr/lib/x86_64-linux-gnu/crti.o /usr/local/lib/gcc/x86_64-pc-linux-gnu/11.2.0/crtbegin.o -L/usr/local/lib/gcc/x86_64-pc-linux-gnu/11.2.0 -L/usr/local/lib/gcc/x86_64-pc-linux-gnu/11.2.0/../../../../lib64 -L/lib/x86_64-linux-gnu -L/lib/../lib64 -L/usr/lib/x86_64-linux-gnu -L/usr/local/lib/gcc/x86_64-pc-linux-gnu/11.2.0/../../.. CMakeFiles/cmTC_4a6d9.dir/CMakeCCompilerABI.c.o -lgcc --push-state --as-needed -lgcc_s --pop-state -lc -lgcc --push-state --as-needed -lgcc_s --pop-state /usr/local/lib/gcc/x86_64-pc-linux-gnu/11.2.0/crtend.o /usr/lib/x86_64-linux-gnu/crtn.o]
    arg [/usr/local/libexec/gcc/x86_64-pc-linux-gnu/11.2.0/collect2] ==> ignore
    arg [-plugin] ==> ignore
    arg [/usr/local/libexec/gcc/x86_64-pc-linux-gnu/11.2.0/liblto_plugin.so] ==> ignore
    arg [-plugin-opt=/usr/local/libexec/gcc/x86_64-pc-linux-gnu/11.2.0/lto-wrapper] ==> ignore
    arg [-plugin-opt=-fresolution=/tmp/cckYtcqx.res] ==> ignore
    arg [-plugin-opt=-pass-through=-lgcc] ==> ignore
    arg [-plugin-opt=-pass-through=-lgcc_s] ==> ignore
    arg [-plugin-opt=-pass-through=-lc] ==> ignore
    arg [-plugin-opt=-pass-through=-lgcc] ==> ignore
    arg [-plugin-opt=-pass-through=-lgcc_s] ==> ignore
    arg [--eh-frame-hdr] ==> ignore
    arg [-m] ==> ignore
    arg [elf_x86_64] ==> ignore
    arg [-export-dynamic] ==> ignore
    arg [-dynamic-linker] ==> ignore
    arg [/lib64/ld-linux-x86-64.so.2] ==> ignore
    arg [-o] ==> ignore
    arg [cmTC_4a6d9] ==> ignore
    arg [/usr/lib/x86_64-linux-gnu/crt1.o] ==> ignore
    arg [/usr/lib/x86_64-linux-gnu/crti.o] ==> ignore
    arg [/usr/local/lib/gcc/x86_64-pc-linux-gnu/11.2.0/crtbegin.o] ==> ignore
    arg [-L/usr/local/lib/gcc/x86_64-pc-linux-gnu/11.2.0] ==> dir [/usr/local/lib/gcc/x86_64-pc-linux-gnu/11.2.0]
    arg [-L/usr/local/lib/gcc/x86_64-pc-linux-gnu/11.2.0/../../../../lib64] ==> dir [/usr/local/lib/gcc/x86_64-pc-linux-gnu/11.2.0/../../../../lib64]
    arg [-L/lib/x86_64-linux-gnu] ==> dir [/lib/x86_64-linux-gnu]
    arg [-L/lib/../lib64] ==> dir [/lib/../lib64]
    arg [-L/usr/lib/x86_64-linux-gnu] ==> dir [/usr/lib/x86_64-linux-gnu]
    arg [-L/usr/local/lib/gcc/x86_64-pc-linux-gnu/11.2.0/../../..] ==> dir [/usr/local/lib/gcc/x86_64-pc-linux-gnu/11.2.0/../../..]
    arg [CMakeFiles/cmTC_4a6d9.dir/CMakeCCompilerABI.c.o] ==> ignore
    arg [-lgcc] ==> lib [gcc]
    arg [--push-state] ==> ignore
    arg [--as-needed] ==> ignore
    arg [-lgcc_s] ==> lib [gcc_s]
    arg [--pop-state] ==> ignore
    arg [-lc] ==> lib [c]
    arg [-lgcc] ==> lib [gcc]
    arg [--push-state] ==> ignore
    arg [--as-needed] ==> ignore
    arg [-lgcc_s] ==> lib [gcc_s]
    arg [--pop-state] ==> ignore
    arg [/usr/local/lib/gcc/x86_64-pc-linux-gnu/11.2.0/crtend.o] ==> ignore
    arg [/usr/lib/x86_64-linux-gnu/crtn.o] ==> ignore
  collapse library dir [/usr/local/lib/gcc/x86_64-pc-linux-gnu/11.2.0] ==> [/usr/local/lib/gcc/x86_64-pc-linux-gnu/11.2.0]
  collapse library dir [/usr/local/lib/gcc/x86_64-pc-linux-gnu/11.2.0/../../../../lib64] ==> [/usr/local/lib64]
  collapse library dir [/lib/x86_64-linux-gnu] ==> [/lib/x86_64-linux-gnu]
  collapse library dir [/lib/../lib64] ==> [/lib64]
  collapse library dir [/usr/lib/x86_64-linux-gnu] ==> [/usr/lib/x86_64-linux-gnu]
  collapse library dir [/usr/local/lib/gcc/x86_64-pc-linux-gnu/11.2.0/../../..] ==> [/usr/local/lib]
  implicit libs: [gcc;gcc_s;c;gcc;gcc_s]
  implicit dirs: [/usr/local/lib/gcc/x86_64-pc-linux-gnu/11.2.0;/usr/local/lib64;/lib/x86_64-linux-gnu;/lib64;/usr/lib/x86_64-linux-gnu;/usr/local/lib]
  implicit fwks: []


Determining if the CXX compiler works passed with the following output:
Change Dir: /home/jindong/SLAM/Chap6/L6_code/Optical_Flow/build/CMakeFiles/CMakeTmp

Run Build Command(s):/usr/bin/make cmTC_9fe87/fast && /usr/bin/make  -f CMakeFiles/cmTC_9fe87.dir/build.make CMakeFiles/cmTC_9fe87.dir/build
make[1]: Entering directory '/home/jindong/SLAM/Chap6/L6_code/Optical_Flow/build/CMakeFiles/CMakeTmp'
Building CXX object CMakeFiles/cmTC_9fe87.dir/testCXXCompiler.cxx.o
/usr/bin/c++     -o CMakeFiles/cmTC_9fe87.dir/testCXXCompiler.cxx.o -c /home/jindong/SLAM/Chap6/L6_code/Optical_Flow/build/CMakeFiles/CMakeTmp/testCXXCompiler.cxx
Linking CXX executable cmTC_9fe87
/usr/local/bin/cmake -E cmake_link_script CMakeFiles/cmTC_9fe87.dir/link.txt --verbose=1
/usr/bin/c++       -rdynamic CMakeFiles/cmTC_9fe87.dir/testCXXCompiler.cxx.o  -o cmTC_9fe87 
make[1]: Leaving directory '/home/jindong/SLAM/Chap6/L6_code/Optical_Flow/build/CMakeFiles/CMakeTmp'



Detecting CXX compiler ABI info compiled with the following output:
Change Dir: /home/jindong/SLAM/Chap6/L6_code/Optical_Flow/build/CMakeFiles/CMakeTmp

Run Build Command(s):/usr/bin/make cmTC_1f1a9/fast && /usr/bin/make  -f CMakeFiles/cmTC_1f1a9.dir/build.make CMakeFiles/cmTC_1f1a9.dir/build
make[1]: Entering directory '/home/jindong/SLAM/Chap6/L6_code/Optical_Flow/build/CMakeFiles/CMakeTmp'
Building CXX object CMakeFiles/cmTC_1f1a9.dir/CMakeCXXCompilerABI.cpp.o
/usr/bin/c++    -v -o CMakeFiles/cmTC_1f1a9.dir/CMakeCXXCompilerABI.cpp.o -c /usr/local/share/cmake-3.17/Modules/CMakeCXXCompilerABI.cpp
Using built-in specs.
COLLECT_GCC=/usr/bin/c++
Target: x86_64-pc-linux-gnu
Configured with: ../configure -enable-checking=release -enable-languages=c,c++ -disable-multilib
Thread model: posix
Supported LTO compression algorithms: zlib
gcc version 11.2.0 (GCC) 
COLLECT_GCC_OPTIONS='-v' '-o' 'CMakeFiles/cmTC_1f1a9.dir/CMakeCXXCompilerABI.cpp.o' '-c' '-shared-libgcc' '-mtune=generic' '-march=x86-64' '-dumpdir' 'CMakeFiles/cmTC_1f1a9.dir/'
 /usr/local/libexec/gcc/x86_64-pc-linux-gnu/11.2.0/cc1plus -quiet -v -imultiarch x86_64-linux-gnu -D_GNU_SOURCE /usr/local/share/cmake-3.17/Modules/CMakeCXXCompilerABI.cpp -quiet -dumpdir CMakeFiles/cmTC_1f1a9.dir/ -dumpbase CMakeCXXCompilerABI.cpp.cpp -dumpbase-ext .cpp -mtune=generic -march=x86-64 -version -o /tmp/cclwHfcn.s
GNU C++17 (GCC) version 11.2.0 (x86_64-pc-linux-gnu)
	compiled by GNU C version 11.2.0, GMP version 6.1.0, MPFR version 3.1.6, MPC version 1.0.3, isl version isl-0.18-GMP

GGC heuristics: --param ggc-min-expand=100 --param ggc-min-heapsize=131072
ignoring nonexistent directory "/usr/local/include/x86_64-linux-gnu"
ignoring nonexistent directory "/usr/local/lib/gcc/x86_64-pc-linux-gnu/11.2.0/../../../../x86_64-pc-linux-gnu/include"
#include "..." search starts here:
#include <...> search starts here:
 /usr/local/lib/gcc/x86_64-pc-linux-gnu/11.2.0/../../../../include/c++/11.2.0
 /usr/local/lib/gcc/x86_64-pc-linux-gnu/11.2.0/../../../../include/c++/11.2.0/x86_64-pc-linux-gnu
 /usr/local/lib/gcc/x86_64-pc-linux-gnu/11.2.0/../../../../include/c++/11.2.0/backward
 /usr/local/lib/gcc/x86_64-pc-linux-gnu/11.2.0/include
 /usr/local/include
 /usr/local/lib/gcc/x86_64-pc-linux-gnu/11.2.0/include-fixed
 /usr/include/x86_64-linux-gnu
 /usr/include
End of search list.
GNU C++17 (GCC) version 11.2.0 (x86_64-pc-linux-gnu)
	compiled by GNU C version 11.2.0, GMP version 6.1.0, MPFR version 3.1.6, MPC version 1.0.3, isl version isl-0.18-GMP

GGC heuristics: --param ggc-min-expand=100 --param ggc-min-heapsize=131072
Compiler executable checksum: 27768e2462d3f106440b1dbb3a36097c
COLLECT_GCC_OPTIONS='-v' '-o' 'CMakeFiles/cmTC_1f1a9.dir/CMakeCXXCompilerABI.cpp.o' '-c' '-shared-libgcc' '-mtune=generic' '-march=x86-64' '-dumpdir' 'CMakeFiles/cmTC_1f1a9.dir/'
 as -v --64 -o CMakeFiles/cmTC_1f1a9.dir/CMakeCXXCompilerABI.cpp.o /tmp/cclwHfcn.s
GNU assembler version 2.30 (x86_64-linux-gnu) using BFD version (GNU Binutils for Ubuntu) 2.30
COMPILER_PATH=/usr/local/libexec/gcc/x86_64-pc-linux-gnu/11.2.0/:/usr/local/libexec/gcc/x86_64-pc-linux-gnu/11.2.0/:/usr/local/libexec/gcc/x86_64-pc-linux-gnu/:/usr/local/lib/gcc/x86_64-pc-linux-gnu/11.2.0/:/usr/local/lib/gcc/x86_64-pc-linux-gnu/
LIBRARY_PATH=/usr/local/lib/gcc/x86_64-pc-linux-gnu/11.2.0/:/usr/local/lib/gcc/x86_64-pc-linux-gnu/11.2.0/../../../../lib64/:/lib/x86_64-linux-gnu/:/lib/../lib64/:/usr/lib/x86_64-linux-gnu/:/usr/local/lib/gcc/x86_64-pc-linux-gnu/11.2.0/../../../:/lib/:/usr/lib/
COLLECT_GCC_OPTIONS='-v' '-o' 'CMakeFiles/cmTC_1f1a9.dir/CMakeCXXCompilerABI.cpp.o' '-c' '-shared-libgcc' '-mtune=generic' '-march=x86-64' '-dumpdir' 'CMakeFiles/cmTC_1f1a9.dir/CMakeCXXCompilerABI.cpp.'
Linking CXX executable cmTC_1f1a9
/usr/local/bin/cmake -E cmake_link_script CMakeFiles/cmTC_1f1a9.dir/link.txt --verbose=1
/usr/bin/c++      -v -rdynamic CMakeFiles/cmTC_1f1a9.dir/CMakeCXXCompilerABI.cpp.o  -o cmTC_1f1a9 
Using built-in specs.
COLLECT_GCC=/usr/bin/c++
COLLECT_LTO_WRAPPER=/usr/local/libexec/gcc/x86_64-pc-linux-gnu/11.2.0/lto-wrapper
Target: x86_64-pc-linux-gnu
Configured with: ../configure -enable-checking=release -enable-languages=c,c++ -disable-multilib
Thread model: posix
Supported LTO compression algorithms: zlib
gcc version 11.2.0 (GCC) 
COMPILER_PATH=/usr/local/libexec/gcc/x86_64-pc-linux-gnu/11.2.0/:/usr/local/libexec/gcc/x86_64-pc-linux-gnu/11.2.0/:/usr/local/libexec/gcc/x86_64-pc-linux-gnu/:/usr/local/lib/gcc/x86_64-pc-linux-gnu/11.2.0/:/usr/local/lib/gcc/x86_64-pc-linux-gnu/
LIBRARY_PATH=/usr/local/lib/gcc/x86_64-pc-linux-gnu/11.2.0/:/usr/local/lib/gcc/x86_64-pc-linux-gnu/11.2.0/../../../../lib64/:/lib/x86_64-linux-gnu/:/lib/../lib64/:/usr/lib/x86_64-linux-gnu/:/usr/local/lib/gcc/x86_64-pc-linux-gnu/11.2.0/../../../:/lib/:/usr/lib/
COLLECT_GCC_OPTIONS='-v' '-rdynamic' '-o' 'cmTC_1f1a9' '-shared-libgcc' '-mtune=generic' '-march=x86-64' '-dumpdir' 'cmTC_1f1a9.'
 /usr/local/libexec/gcc/x86_64-pc-linux-gnu/11.2.0/collect2 -plugin /usr/local/libexec/gcc/x86_64-pc-linux-gnu/11.2.0/liblto_plugin.so -plugin-opt=/usr/local/libexec/gcc/x86_64-pc-linux-gnu/11.2.0/lto-wrapper -plugin-opt=-fresolution=/tmp/ccNVE8PE.res -plugin-opt=-pass-through=-lgcc_s -plugin-opt=-pass-through=-lgcc -plugin-opt=-pass-through=-lc -plugin-opt=-pass-through=-lgcc_s -plugin-opt=-pass-through=-lgcc --eh-frame-hdr -m elf_x86_64 -export-dynamic -dynamic-linker /lib64/ld-linux-x86-64.so.2 -o cmTC_1f1a9 /usr/lib/x86_64-linux-gnu/crt1.o /usr/lib/x86_64-linux-gnu/crti.o /usr/local/lib/gcc/x86_64-pc-linux-gnu/11.2.0/crtbegin.o -L/usr/local/lib/gcc/x86_64-pc-linux-gnu/11.2.0 -L/usr/local/lib/gcc/x86_64-pc-linux-gnu/11.2.0/../../../../lib64 -L/lib/x86_64-linux-gnu -L/lib/../lib64 -L/usr/lib/x86_64-linux-gnu -L/usr/local/lib/gcc/x86_64-pc-linux-gnu/11.2.0/../../.. CMakeFiles/cmTC_1f1a9.dir/CMakeCXXCompilerABI.cpp.o -lstdc++ -lm -lgcc_s -lgcc -lc -lgcc_s -lgcc /usr/local/lib/gcc/x86_64-pc-linux-gnu/11.2.0/crtend.o /usr/lib/x86_64-linux-gnu/crtn.o
COLLECT_GCC_OPTIONS='-v' '-rdynamic' '-o' 'cmTC_1f1a9' '-shared-libgcc' '-mtune=generic' '-march=x86-64' '-dumpdir' 'cmTC_1f1a9.'
make[1]: Leaving directory '/home/jindong/SLAM/Chap6/L6_code/Optical_Flow/build/CMakeFiles/CMakeTmp'



Parsed CXX implicit include dir info from above output: rv=done
  found start of include info
  found start of implicit include info
    add: [/usr/local/lib/gcc/x86_64-pc-linux-gnu/11.2.0/../../../../include/c++/11.2.0]
    add: [/usr/local/lib/gcc/x86_64-pc-linux-gnu/11.2.0/../../../../include/c++/11.2.0/x86_64-pc-linux-gnu]
    add: [/usr/local/lib/gcc/x86_64-pc-linux-gnu/11.2.0/../../../../include/c++/11.2.0/backward]
    add: [/usr/local/lib/gcc/x86_64-pc-linux-gnu/11.2.0/include]
    add: [/usr/local/include]
    add: [/usr/local/lib/gcc/x86_64-pc-linux-gnu/11.2.0/include-fixed]
    add: [/usr/include/x86_64-linux-gnu]
    add: [/usr/include]
  end of search list found
  collapse include dir [/usr/local/lib/gcc/x86_64-pc-linux-gnu/11.2.0/../../../../include/c++/11.2.0] ==> [/usr/local/include/c++/11.2.0]
  collapse include dir [/usr/local/lib/gcc/x86_64-pc-linux-gnu/11.2.0/../../../../include/c++/11.2.0/x86_64-pc-linux-gnu] ==> [/usr/local/include/c++/11.2.0/x86_64-pc-linux-gnu]
  collapse include dir [/usr/local/lib/gcc/x86_64-pc-linux-gnu/11.2.0/../../../../include/c++/11.2.0/backward] ==> [/usr/local/include/c++/11.2.0/backward]
  collapse include dir [/usr/local/lib/gcc/x86_64-pc-linux-gnu/11.2.0/include] ==> [/usr/local/lib/gcc/x86_64-pc-linux-gnu/11.2.0/include]
  collapse include dir [/usr/local/include] ==> [/usr/local/include]
  collapse include dir [/usr/local/lib/gcc/x86_64-pc-linux-gnu/11.2.0/include-fixed] ==> [/usr/local/lib/gcc/x86_64-pc-linux-gnu/11.2.0/include-fixed]
  collapse include dir [/usr/include/x86_64-linux-gnu] ==> [/usr/include/x86_64-linux-gnu]
  collapse include dir [/usr/include] ==> [/usr/include]
  implicit include dirs: [/usr/local/include/c++/11.2.0;/usr/local/include/c++/11.2.0/x86_64-pc-linux-gnu;/usr/local/include/c++/11.2.0/backward;/usr/local/lib/gcc/x86_64-pc-linux-gnu/11.2.0/include;/usr/local/include;/usr/local/lib/gcc/x86_64-pc-linux-gnu/11.2.0/include-fixed;/usr/include/x86_64-linux-gnu;/usr/include]


Parsed CXX implicit link information from above output:
  link line regex: [^( *|.*[/\])(ld|CMAKE_LINK_STARTFILE-NOTFOUND|([^/\]+-)?ld|collect2)[^/\]*( |$)]
  ignore line: [Change Dir: /home/jindong/SLAM/Chap6/L6_code/Optical_Flow/build/CMakeFiles/CMakeTmp]
  ignore line: []
  ignore line: [Run Build Command(s):/usr/bin/make cmTC_1f1a9/fast && /usr/bin/make  -f CMakeFiles/cmTC_1f1a9.dir/build.make CMakeFiles/cmTC_1f1a9.dir/build]
  ignore line: [make[1]: Entering directory '/home/jindong/SLAM/Chap6/L6_code/Optical_Flow/build/CMakeFiles/CMakeTmp']
  ignore line: [Building CXX object CMakeFiles/cmTC_1f1a9.dir/CMakeCXXCompilerABI.cpp.o]
  ignore line: [/usr/bin/c++    -v -o CMakeFiles/cmTC_1f1a9.dir/CMakeCXXCompilerABI.cpp.o -c /usr/local/share/cmake-3.17/Modules/CMakeCXXCompilerABI.cpp]
  ignore line: [Using built-in specs.]
  ignore line: [COLLECT_GCC=/usr/bin/c++]
  ignore line: [Target: x86_64-pc-linux-gnu]
  ignore line: [Configured with: ../configure -enable-checking=release -enable-languages=c c++ -disable-multilib]
  ignore line: [Thread model: posix]
  ignore line: [Supported LTO compression algorithms: zlib]
  ignore line: [gcc version 11.2.0 (GCC) ]
  ignore line: [COLLECT_GCC_OPTIONS='-v' '-o' 'CMakeFiles/cmTC_1f1a9.dir/CMakeCXXCompilerABI.cpp.o' '-c' '-shared-libgcc' '-mtune=generic' '-march=x86-64' '-dumpdir' 'CMakeFiles/cmTC_1f1a9.dir/']
  ignore line: [ /usr/local/libexec/gcc/x86_64-pc-linux-gnu/11.2.0/cc1plus -quiet -v -imultiarch x86_64-linux-gnu -D_GNU_SOURCE /usr/local/share/cmake-3.17/Modules/CMakeCXXCompilerABI.cpp -quiet -dumpdir CMakeFiles/cmTC_1f1a9.dir/ -dumpbase CMakeCXXCompilerABI.cpp.cpp -dumpbase-ext .cpp -mtune=generic -march=x86-64 -version -o /tmp/cclwHfcn.s]
  ignore line: [GNU C++17 (GCC) version 11.2.0 (x86_64-pc-linux-gnu)]
  ignore line: [	compiled by GNU C version 11.2.0  GMP version 6.1.0  MPFR version 3.1.6  MPC version 1.0.3  isl version isl-0.18-GMP]
  ignore line: []
  ignore line: [GGC heuristics: --param ggc-min-expand=100 --param ggc-min-heapsize=131072]
  ignore line: [ignoring nonexistent directory "/usr/local/include/x86_64-linux-gnu"]
  ignore line: [ignoring nonexistent directory "/usr/local/lib/gcc/x86_64-pc-linux-gnu/11.2.0/../../../../x86_64-pc-linux-gnu/include"]
  ignore line: [#include "..." search starts here:]
  ignore line: [#include <...> search starts here:]
  ignore line: [ /usr/local/lib/gcc/x86_64-pc-linux-gnu/11.2.0/../../../../include/c++/11.2.0]
  ignore line: [ /usr/local/lib/gcc/x86_64-pc-linux-gnu/11.2.0/../../../../include/c++/11.2.0/x86_64-pc-linux-gnu]
  ignore line: [ /usr/local/lib/gcc/x86_64-pc-linux-gnu/11.2.0/../../../../include/c++/11.2.0/backward]
  ignore line: [ /usr/local/lib/gcc/x86_64-pc-linux-gnu/11.2.0/include]
  ignore line: [ /usr/local/include]
  ignore line: [ /usr/local/lib/gcc/x86_64-pc-linux-gnu/11.2.0/include-fixed]
  ignore line: [ /usr/include/x86_64-linux-gnu]
  ignore line: [ /usr/include]
  ignore line: [End of search list.]
  ignore line: [GNU C++17 (GCC) version 11.2.0 (x86_64-pc-linux-gnu)]
  ignore line: [	compiled by GNU C version 11.2.0  GMP version 6.1.0  MPFR version 3.1.6  MPC version 1.0.3  isl version isl-0.18-GMP]
  ignore line: []
  ignore line: [GGC heuristics: --param ggc-min-expand=100 --param ggc-min-heapsize=131072]
  ignore line: [Compiler executable checksum: 27768e2462d3f106440b1dbb3a36097c]
  ignore line: [COLLECT_GCC_OPTIONS='-v' '-o' 'CMakeFiles/cmTC_1f1a9.dir/CMakeCXXCompilerABI.cpp.o' '-c' '-shared-libgcc' '-mtune=generic' '-march=x86-64' '-dumpdir' 'CMakeFiles/cmTC_1f1a9.dir/']
  ignore line: [ as -v --64 -o CMakeFiles/cmTC_1f1a9.dir/CMakeCXXCompilerABI.cpp.o /tmp/cclwHfcn.s]
  ignore line: [GNU assembler version 2.30 (x86_64-linux-gnu) using BFD version (GNU Binutils for Ubuntu) 2.30]
  ignore line: [COMPILER_PATH=/usr/local/libexec/gcc/x86_64-pc-linux-gnu/11.2.0/:/usr/local/libexec/gcc/x86_64-pc-linux-gnu/11.2.0/:/usr/local/libexec/gcc/x86_64-pc-linux-gnu/:/usr/local/lib/gcc/x86_64-pc-linux-gnu/11.2.0/:/usr/local/lib/gcc/x86_64-pc-linux-gnu/]
  ignore line: [LIBRARY_PATH=/usr/local/lib/gcc/x86_64-pc-linux-gnu/11.2.0/:/usr/local/lib/gcc/x86_64-pc-linux-gnu/11.2.0/../../../../lib64/:/lib/x86_64-linux-gnu/:/lib/../lib64/:/usr/lib/x86_64-linux-gnu/:/usr/local/lib/gcc/x86_64-pc-linux-gnu/11.2.0/../../../:/lib/:/usr/lib/]
  ignore line: [COLLECT_GCC_OPTIONS='-v' '-o' 'CMakeFiles/cmTC_1f1a9.dir/CMakeCXXCompilerABI.cpp.o' '-c' '-shared-libgcc' '-mtune=generic' '-march=x86-64' '-dumpdir' 'CMakeFiles/cmTC_1f1a9.dir/CMakeCXXCompilerABI.cpp.']
  ignore line: [Linking CXX executable cmTC_1f1a9]
  ignore line: [/usr/local/bin/cmake -E cmake_link_script CMakeFiles/cmTC_1f1a9.dir/link.txt --verbose=1]
  ignore line: [/usr/bin/c++      -v -rdynamic CMakeFiles/cmTC_1f1a9.dir/CMakeCXXCompilerABI.cpp.o  -o cmTC_1f1a9 ]
  ignore line: [Using built-in specs.]
  ignore line: [COLLECT_GCC=/usr/bin/c++]
  ignore line: [COLLECT_LTO_WRAPPER=/usr/local/libexec/gcc/x86_64-pc-linux-gnu/11.2.0/lto-wrapper]
  ignore line: [Target: x86_64-pc-linux-gnu]
  ignore line: [Configured with: ../configure -enable-checking=release -enable-languages=c c++ -disable-multilib]
  ignore line: [Thread model: posix]
  ignore line: [Supported LTO compression algorithms: zlib]
  ignore line: [gcc version 11.2.0 (GCC) ]
  ignore line: [COMPILER_PATH=/usr/local/libexec/gcc/x86_64-pc-linux-gnu/11.2.0/:/usr/local/libexec/gcc/x86_64-pc-linux-gnu/11.2.0/:/usr/local/libexec/gcc/x86_64-pc-linux-gnu/:/usr/local/lib/gcc/x86_64-pc-linux-gnu/11.2.0/:/usr/local/lib/gcc/x86_64-pc-linux-gnu/]
  ignore line: [LIBRARY_PATH=/usr/local/lib/gcc/x86_64-pc-linux-gnu/11.2.0/:/usr/local/lib/gcc/x86_64-pc-linux-gnu/11.2.0/../../../../lib64/:/lib/x86_64-linux-gnu/:/lib/../lib64/:/usr/lib/x86_64-linux-gnu/:/usr/local/lib/gcc/x86_64-pc-linux-gnu/11.2.0/../../../:/lib/:/usr/lib/]
  ignore line: [COLLECT_GCC_OPTIONS='-v' '-rdynamic' '-o' 'cmTC_1f1a9' '-shared-libgcc' '-mtune=generic' '-march=x86-64' '-dumpdir' 'cmTC_1f1a9.']
  link line: [ /usr/local/libexec/gcc/x86_64-pc-linux-gnu/11.2.0/collect2 -plugin /usr/local/libexec/gcc/x86_64-pc-linux-gnu/11.2.0/liblto_plugin.so -plugin-opt=/usr/local/libexec/gcc/x86_64-pc-linux-gnu/11.2.0/lto-wrapper -plugin-opt=-fresolution=/tmp/ccNVE8PE.res -plugin-opt=-pass-through=-lgcc_s -plugin-opt=-pass-through=-lgcc -plugin-opt=-pass-through=-lc -plugin-opt=-pass-through=-lgcc_s -plugin-opt=-pass-through=-lgcc --eh-frame-hdr -m elf_x86_64 -export-dynamic -dynamic-linker /lib64/ld-linux-x86-64.so.2 -o cmTC_1f1a9 /usr/lib/x86_64-linux-gnu/crt1.o /usr/lib/x86_64-linux-gnu/crti.o /usr/local/lib/gcc/x86_64-pc-linux-gnu/11.2.0/crtbegin.o -L/usr/local/lib/gcc/x86_64-pc-linux-gnu/11.2.0 -L/usr/local/lib/gcc/x86_64-pc-linux-gnu/11.2.0/../../../../lib64 -L/lib/x86_64-linux-gnu -L/lib/../lib64 -L/usr/lib/x86_64-linux-gnu -L/usr/local/lib/gcc/x86_64-pc-linux-gnu/11.2.0/../../.. CMakeFiles/cmTC_1f1a9.dir/CMakeCXXCompilerABI.cpp.o -lstdc++ -lm -lgcc_s -lgcc -lc -lgcc_s -lgcc /usr/local/lib/gcc/x86_64-pc-linux-gnu/11.2.0/crtend.o /usr/lib/x86_64-linux-gnu/crtn.o]
    arg [/usr/local/libexec/gcc/x86_64-pc-linux-gnu/11.2.0/collect2] ==> ignore
    arg [-plugin] ==> ignore
    arg [/usr/local/libexec/gcc/x86_64-pc-linux-gnu/11.2.0/liblto_plugin.so] ==> ignore
    arg [-plugin-opt=/usr/local/libexec/gcc/x86_64-pc-linux-gnu/11.2.0/lto-wrapper] ==> ignore
    arg [-plugin-opt=-fresolution=/tmp/ccNVE8PE.res] ==> ignore
    arg [-plugin-opt=-pass-through=-lgcc_s] ==> ignore
    arg [-plugin-opt=-pass-through=-lgcc] ==> ignore
    arg [-plugin-opt=-pass-through=-lc] ==> ignore
    arg [-plugin-opt=-pass-through=-lgcc_s] ==> ignore
    arg [-plugin-opt=-pass-through=-lgcc] ==> ignore
    arg [--eh-frame-hdr] ==> ignore
    arg [-m] ==> ignore
    arg [elf_x86_64] ==> ignore
    arg [-export-dynamic] ==> ignore
    arg [-dynamic-linker] ==> ignore
    arg [/lib64/ld-linux-x86-64.so.2] ==> ignore
    arg [-o] ==> ignore
    arg [cmTC_1f1a9] ==> ignore
    arg [/usr/lib/x86_64-linux-gnu/crt1.o] ==> ignore
    arg [/usr/lib/x86_64-linux-gnu/crti.o] ==> ignore
    arg [/usr/local/lib/gcc/x86_64-pc-linux-gnu/11.2.0/crtbegin.o] ==> ignore
    arg [-L/usr/local/lib/gcc/x86_64-pc-linux-gnu/11.2.0] ==> dir [/usr/local/lib/gcc/x86_64-pc-linux-gnu/11.2.0]
    arg [-L/usr/local/lib/gcc/x86_64-pc-linux-gnu/11.2.0/../../../../lib64] ==> dir [/usr/local/lib/gcc/x86_64-pc-linux-gnu/11.2.0/../../../../lib64]
    arg [-L/lib/x86_64-linux-gnu] ==> dir [/lib/x86_64-linux-gnu]
    arg [-L/lib/../lib64] ==> dir [/lib/../lib64]
    arg [-L/usr/lib/x86_64-linux-gnu] ==> dir [/usr/lib/x86_64-linux-gnu]
    arg [-L/usr/local/lib/gcc/x86_64-pc-linux-gnu/11.2.0/../../..] ==> dir [/usr/local/lib/gcc/x86_64-pc-linux-gnu/11.2.0/../../..]
    arg [CMakeFiles/cmTC_1f1a9.dir/CMakeCXXCompilerABI.cpp.o] ==> ignore
    arg [-lstdc++] ==> lib [stdc++]
    arg [-lm] ==> lib [m]
    arg [-lgcc_s] ==> lib [gcc_s]
    arg [-lgcc] ==> lib [gcc]
    arg [-lc] ==> lib [c]
    arg [-lgcc_s] ==> lib [gcc_s]
    arg [-lgcc] ==> lib [gcc]
    arg [/usr/local/lib/gcc/x86_64-pc-linux-gnu/11.2.0/crtend.o] ==> ignore
    arg [/usr/lib/x86_64-linux-gnu/crtn.o] ==> ignore
  collapse library dir [/usr/local/lib/gcc/x86_64-pc-linux-gnu/11.2.0] ==> [/usr/local/lib/gcc/x86_64-pc-linux-gnu/11.2.0]
  collapse library dir [/usr/local/lib/gcc/x86_64-pc-linux-gnu/11.2.0/../../../../lib64] ==> [/usr/local/lib64]
  collapse library dir [/lib/x86_64-linux-gnu] ==> [/lib/x86_64-linux-gnu]
  collapse library dir [/lib/../lib64] ==> [/lib64]
  collapse library dir [/usr/lib/x86_64-linux-gnu] ==> [/usr/lib/x86_64-linux-gnu]
  collapse library dir [/usr/local/lib/gcc/x86_64-pc-linux-gnu/11.2.0/../../..] ==> [/usr/local/lib]
  implicit libs: [stdc++;m;gcc_s;gcc;c;gcc_s;gcc]
  implicit dirs: [/usr/local/lib/gcc/x86_64-pc-linux-gnu/11.2.0;/usr/local/lib64;/lib/x86_64-linux-gnu;/lib64;/usr/lib/x86_64-linux-gnu;/usr/local/lib]
  implicit fwks: []


Detecting C OpenMP compiler ABI info compiled with the following output:
Change Dir: /home/jindong/SLAM/Chap6/L6_code/Optical_Flow/build/CMakeFiles/CMakeTmp

Run Build Command(s):/usr/bin/make cmTC_e3864/fast && /usr/bin/make  -f CMakeFiles/cmTC_e3864.dir/build.make CMakeFiles/cmTC_e3864.dir/build
make[1]: Entering directory '/home/jindong/SLAM/Chap6/L6_code/Optical_Flow/build/CMakeFiles/CMakeTmp'
Building C object CMakeFiles/cmTC_e3864.dir/OpenMPTryFlag.c.o
/usr/bin/cc   -fopenmp -v   -o CMakeFiles/cmTC_e3864.dir/OpenMPTryFlag.c.o   -c /home/jindong/SLAM/Chap6/L6_code/Optical_Flow/build/CMakeFiles/FindOpenMP/OpenMPTryFlag.c
Using built-in specs.
COLLECT_GCC=/usr/bin/cc
Target: x86_64-pc-linux-gnu
Configured with: ../configure -enable-checking=release -enable-languages=c,c++ -disable-multilib
Thread model: posix
Supported LTO compression algorithms: zlib
gcc version 11.2.0 (GCC) 
COLLECT_GCC_OPTIONS='-fopenmp' '-v' '-o' 'CMakeFiles/cmTC_e3864.dir/OpenMPTryFlag.c.o' '-c' '-mtune=generic' '-march=x86-64' '-pthread' '-dumpdir' 'CMakeFiles/cmTC_e3864.dir/'
 /usr/local/libexec/gcc/x86_64-pc-linux-gnu/11.2.0/cc1 -quiet -v -imultiarch x86_64-linux-gnu -D_REENTRANT /home/jindong/SLAM/Chap6/L6_code/Optical_Flow/build/CMakeFiles/FindOpenMP/OpenMPTryFlag.c -quiet -dumpdir CMakeFiles/cmTC_e3864.dir/ -dumpbase OpenMPTryFlag.c.c -dumpbase-ext .c -mtune=generic -march=x86-64 -version -fopenmp -o /tmp/ccnBLm3O.s
GNU C17 (GCC) version 11.2.0 (x86_64-pc-linux-gnu)
	compiled by GNU C version 11.2.0, GMP version 6.1.0, MPFR version 3.1.6, MPC version 1.0.3, isl version isl-0.18-GMP

GGC heuristics: --param ggc-min-expand=100 --param ggc-min-heapsize=131072
ignoring nonexistent directory "/usr/local/include/x86_64-linux-gnu"
ignoring nonexistent directory "/usr/local/lib/gcc/x86_64-pc-linux-gnu/11.2.0/../../../../x86_64-pc-linux-gnu/include"
#include "..." search starts here:
#include <...> search starts here:
 /usr/local/lib/gcc/x86_64-pc-linux-gnu/11.2.0/include
 /usr/local/include
 /usr/local/lib/gcc/x86_64-pc-linux-gnu/11.2.0/include-fixed
 /usr/include/x86_64-linux-gnu
 /usr/include
End of search list.
GNU C17 (GCC) version 11.2.0 (x86_64-pc-linux-gnu)
	compiled by GNU C version 11.2.0, GMP version 6.1.0, MPFR version 3.1.6, MPC version 1.0.3, isl version isl-0.18-GMP

GGC heuristics: --param ggc-min-expand=100 --param ggc-min-heapsize=131072
Compiler executable checksum: e9d7ab05278a47bc682de59246005379
COLLECT_GCC_OPTIONS='-fopenmp' '-v' '-o' 'CMakeFiles/cmTC_e3864.dir/OpenMPTryFlag.c.o' '-c' '-mtune=generic' '-march=x86-64' '-pthread' '-dumpdir' 'CMakeFiles/cmTC_e3864.dir/'
 as -v --64 -o CMakeFiles/cmTC_e3864.dir/OpenMPTryFlag.c.o /tmp/ccnBLm3O.s
GNU assembler version 2.30 (x86_64-linux-gnu) using BFD version (GNU Binutils for Ubuntu) 2.30
COMPILER_PATH=/usr/local/libexec/gcc/x86_64-pc-linux-gnu/11.2.0/:/usr/local/libexec/gcc/x86_64-pc-linux-gnu/11.2.0/:/usr/local/libexec/gcc/x86_64-pc-linux-gnu/:/usr/local/lib/gcc/x86_64-pc-linux-gnu/11.2.0/:/usr/local/lib/gcc/x86_64-pc-linux-gnu/
LIBRARY_PATH=/usr/local/lib/gcc/x86_64-pc-linux-gnu/11.2.0/:/usr/local/lib/gcc/x86_64-pc-linux-gnu/11.2.0/../../../../lib64/:/lib/x86_64-linux-gnu/:/lib/../lib64/:/usr/lib/x86_64-linux-gnu/:/usr/local/lib/gcc/x86_64-pc-linux-gnu/11.2.0/../../../:/lib/:/usr/lib/
COLLECT_GCC_OPTIONS='-fopenmp' '-v' '-o' 'CMakeFiles/cmTC_e3864.dir/OpenMPTryFlag.c.o' '-c' '-mtune=generic' '-march=x86-64' '-pthread' '-dumpdir' 'CMakeFiles/cmTC_e3864.dir/OpenMPTryFlag.c.'
Linking C executable cmTC_e3864
/usr/local/bin/cmake -E cmake_link_script CMakeFiles/cmTC_e3864.dir/link.txt --verbose=1
/usr/bin/cc  -fopenmp -v    -rdynamic CMakeFiles/cmTC_e3864.dir/OpenMPTryFlag.c.o  -o cmTC_e3864  -v 
Using built-in specs.
COLLECT_GCC=/usr/bin/cc
COLLECT_LTO_WRAPPER=/usr/local/libexec/gcc/x86_64-pc-linux-gnu/11.2.0/lto-wrapper
Target: x86_64-pc-linux-gnu
Configured with: ../configure -enable-checking=release -enable-languages=c,c++ -disable-multilib
Thread model: posix
Supported LTO compression algorithms: zlib
gcc version 11.2.0 (GCC) 
COMPILER_PATH=/usr/local/libexec/gcc/x86_64-pc-linux-gnu/11.2.0/:/usr/local/libexec/gcc/x86_64-pc-linux-gnu/11.2.0/:/usr/local/libexec/gcc/x86_64-pc-linux-gnu/:/usr/local/lib/gcc/x86_64-pc-linux-gnu/11.2.0/:/usr/local/lib/gcc/x86_64-pc-linux-gnu/
LIBRARY_PATH=/usr/local/lib/gcc/x86_64-pc-linux-gnu/11.2.0/:/usr/local/lib/gcc/x86_64-pc-linux-gnu/11.2.0/../../../../lib64/:/lib/x86_64-linux-gnu/:/lib/../lib64/:/usr/lib/x86_64-linux-gnu/:/usr/local/lib/gcc/x86_64-pc-linux-gnu/11.2.0/../../../:/lib/:/usr/lib/
Reading specs from /usr/local/lib/gcc/x86_64-pc-linux-gnu/11.2.0/../../../../lib64/libgomp.spec
COLLECT_GCC_OPTIONS='-fopenmp' '-v' '-rdynamic' '-o' 'cmTC_e3864' '-v' '-mtune=generic' '-march=x86-64' '-pthread' '-dumpdir' 'cmTC_e3864.'
 /usr/local/libexec/gcc/x86_64-pc-linux-gnu/11.2.0/collect2 -plugin /usr/local/libexec/gcc/x86_64-pc-linux-gnu/11.2.0/liblto_plugin.so -plugin-opt=/usr/local/libexec/gcc/x86_64-pc-linux-gnu/11.2.0/lto-wrapper -plugin-opt=-fresolution=/tmp/ccytApY6.res -plugin-opt=-pass-through=-lgcc -plugin-opt=-pass-through=-lgcc_s -plugin-opt=-pass-through=-lpthread -plugin-opt=-pass-through=-lc -plugin-opt=-pass-through=-lgcc -plugin-opt=-pass-through=-lgcc_s --eh-frame-hdr -m elf_x86_64 -export-dynamic -dynamic-linker /lib64/ld-linux-x86-64.so.2 -o cmTC_e3864 /usr/lib/x86_64-linux-gnu/crt1.o /usr/lib/x86_64-linux-gnu/crti.o /usr/local/lib/gcc/x86_64-pc-linux-gnu/11.2.0/crtbegin.o -L/usr/local/lib/gcc/x86_64-pc-linux-gnu/11.2.0 -L/usr/local/lib/gcc/x86_64-pc-linux-gnu/11.2.0/../../../../lib64 -L/lib/x86_64-linux-gnu -L/lib/../lib64 -L/usr/lib/x86_64-linux-gnu -L/usr/local/lib/gcc/x86_64-pc-linux-gnu/11.2.0/../../.. CMakeFiles/cmTC_e3864.dir/OpenMPTryFlag.c.o -lgomp -lgcc --push-state --as-needed -lgcc_s --pop-state -lpthread -lc -lgcc --push-state --as-needed -lgcc_s --pop-state /usr/local/lib/gcc/x86_64-pc-linux-gnu/11.2.0/crtend.o /usr/lib/x86_64-linux-gnu/crtn.o
COLLECT_GCC_OPTIONS='-fopenmp' '-v' '-rdynamic' '-o' 'cmTC_e3864' '-v' '-mtune=generic' '-march=x86-64' '-pthread' '-dumpdir' 'cmTC_e3864.'
make[1]: Leaving directory '/home/jindong/SLAM/Chap6/L6_code/Optical_Flow/build/CMakeFiles/CMakeTmp'



Parsed C OpenMP implicit link information from above output:
  link line regex: [^( *|.*[/\])(ld|CMAKE_LINK_STARTFILE-NOTFOUND|([^/\]+-)?ld|collect2)[^/\]*( |$)]
  ignore line: [Change Dir: /home/jindong/SLAM/Chap6/L6_code/Optical_Flow/build/CMakeFiles/CMakeTmp]
  ignore line: []
  ignore line: [Run Build Command(s):/usr/bin/make cmTC_e3864/fast && /usr/bin/make  -f CMakeFiles/cmTC_e3864.dir/build.make CMakeFiles/cmTC_e3864.dir/build]
  ignore line: [make[1]: Entering directory '/home/jindong/SLAM/Chap6/L6_code/Optical_Flow/build/CMakeFiles/CMakeTmp']
  ignore line: [Building C object CMakeFiles/cmTC_e3864.dir/OpenMPTryFlag.c.o]
  ignore line: [/usr/bin/cc   -fopenmp -v   -o CMakeFiles/cmTC_e3864.dir/OpenMPTryFlag.c.o   -c /home/jindong/SLAM/Chap6/L6_code/Optical_Flow/build/CMakeFiles/FindOpenMP/OpenMPTryFlag.c]
  ignore line: [Using built-in specs.]
  ignore line: [COLLECT_GCC=/usr/bin/cc]
  ignore line: [Target: x86_64-pc-linux-gnu]
  ignore line: [Configured with: ../configure -enable-checking=release -enable-languages=c c++ -disable-multilib]
  ignore line: [Thread model: posix]
  ignore line: [Supported LTO compression algorithms: zlib]
  ignore line: [gcc version 11.2.0 (GCC) ]
  ignore line: [COLLECT_GCC_OPTIONS='-fopenmp' '-v' '-o' 'CMakeFiles/cmTC_e3864.dir/OpenMPTryFlag.c.o' '-c' '-mtune=generic' '-march=x86-64' '-pthread' '-dumpdir' 'CMakeFiles/cmTC_e3864.dir/']
  ignore line: [ /usr/local/libexec/gcc/x86_64-pc-linux-gnu/11.2.0/cc1 -quiet -v -imultiarch x86_64-linux-gnu -D_REENTRANT /home/jindong/SLAM/Chap6/L6_code/Optical_Flow/build/CMakeFiles/FindOpenMP/OpenMPTryFlag.c -quiet -dumpdir CMakeFiles/cmTC_e3864.dir/ -dumpbase OpenMPTryFlag.c.c -dumpbase-ext .c -mtune=generic -march=x86-64 -version -fopenmp -o /tmp/ccnBLm3O.s]
  ignore line: [GNU C17 (GCC) version 11.2.0 (x86_64-pc-linux-gnu)]
  ignore line: [	compiled by GNU C version 11.2.0  GMP version 6.1.0  MPFR version 3.1.6  MPC version 1.0.3  isl version isl-0.18-GMP]
  ignore line: []
  ignore line: [GGC heuristics: --param ggc-min-expand=100 --param ggc-min-heapsize=131072]
  ignore line: [ignoring nonexistent directory "/usr/local/include/x86_64-linux-gnu"]
  ignore line: [ignoring nonexistent directory "/usr/local/lib/gcc/x86_64-pc-linux-gnu/11.2.0/../../../../x86_64-pc-linux-gnu/include"]
  ignore line: [#include "..." search starts here:]
  ignore line: [#include <...> search starts here:]
  ignore line: [ /usr/local/lib/gcc/x86_64-pc-linux-gnu/11.2.0/include]
  ignore line: [ /usr/local/include]
  ignore line: [ /usr/local/lib/gcc/x86_64-pc-linux-gnu/11.2.0/include-fixed]
  ignore line: [ /usr/include/x86_64-linux-gnu]
  ignore line: [ /usr/include]
  ignore line: [End of search list.]
  ignore line: [GNU C17 (GCC) version 11.2.0 (x86_64-pc-linux-gnu)]
  ignore line: [	compiled by GNU C version 11.2.0  GMP version 6.1.0  MPFR version 3.1.6  MPC version 1.0.3  isl version isl-0.18-GMP]
  ignore line: []
  ignore line: [GGC heuristics: --param ggc-min-expand=100 --param ggc-min-heapsize=131072]
  ignore line: [Compiler executable checksum: e9d7ab05278a47bc682de59246005379]
  ignore line: [COLLECT_GCC_OPTIONS='-fopenmp' '-v' '-o' 'CMakeFiles/cmTC_e3864.dir/OpenMPTryFlag.c.o' '-c' '-mtune=generic' '-march=x86-64' '-pthread' '-dumpdir' 'CMakeFiles/cmTC_e3864.dir/']
  ignore line: [ as -v --64 -o CMakeFiles/cmTC_e3864.dir/OpenMPTryFlag.c.o /tmp/ccnBLm3O.s]
  ignore line: [GNU assembler version 2.30 (x86_64-linux-gnu) using BFD version (GNU Binutils for Ubuntu) 2.30]
  ignore line: [COMPILER_PATH=/usr/local/libexec/gcc/x86_64-pc-linux-gnu/11.2.0/:/usr/local/libexec/gcc/x86_64-pc-linux-gnu/11.2.0/:/usr/local/libexec/gcc/x86_64-pc-linux-gnu/:/usr/local/lib/gcc/x86_64-pc-linux-gnu/11.2.0/:/usr/local/lib/gcc/x86_64-pc-linux-gnu/]
  ignore line: [LIBRARY_PATH=/usr/local/lib/gcc/x86_64-pc-linux-gnu/11.2.0/:/usr/local/lib/gcc/x86_64-pc-linux-gnu/11.2.0/../../../../lib64/:/lib/x86_64-linux-gnu/:/lib/../lib64/:/usr/lib/x86_64-linux-gnu/:/usr/local/lib/gcc/x86_64-pc-linux-gnu/11.2.0/../../../:/lib/:/usr/lib/]
  ignore line: [COLLECT_GCC_OPTIONS='-fopenmp' '-v' '-o' 'CMakeFiles/cmTC_e3864.dir/OpenMPTryFlag.c.o' '-c' '-mtune=generic' '-march=x86-64' '-pthread' '-dumpdir' 'CMakeFiles/cmTC_e3864.dir/OpenMPTryFlag.c.']
  ignore line: [Linking C executable cmTC_e3864]
  ignore line: [/usr/local/bin/cmake -E cmake_link_script CMakeFiles/cmTC_e3864.dir/link.txt --verbose=1]
  ignore line: [/usr/bin/cc  -fopenmp -v    -rdynamic CMakeFiles/cmTC_e3864.dir/OpenMPTryFlag.c.o  -o cmTC_e3864  -v ]
  ignore line: [Using built-in specs.]
  ignore line: [COLLECT_GCC=/usr/bin/cc]
  ignore line: [COLLECT_LTO_WRAPPER=/usr/local/libexec/gcc/x86_64-pc-linux-gnu/11.2.0/lto-wrapper]
  ignore line: [Target: x86_64-pc-linux-gnu]
  ignore line: [Configured with: ../configure -enable-checking=release -enable-languages=c c++ -disable-multilib]
  ignore line: [Thread model: posix]
  ignore line: [Supported LTO compression algorithms: zlib]
  ignore line: [gcc version 11.2.0 (GCC) ]
  ignore line: [COMPILER_PATH=/usr/local/libexec/gcc/x86_64-pc-linux-gnu/11.2.0/:/usr/local/libexec/gcc/x86_64-pc-linux-gnu/11.2.0/:/usr/local/libexec/gcc/x86_64-pc-linux-gnu/:/usr/local/lib/gcc/x86_64-pc-linux-gnu/11.2.0/:/usr/local/lib/gcc/x86_64-pc-linux-gnu/]
  ignore line: [LIBRARY_PATH=/usr/local/lib/gcc/x86_64-pc-linux-gnu/11.2.0/:/usr/local/lib/gcc/x86_64-pc-linux-gnu/11.2.0/../../../../lib64/:/lib/x86_64-linux-gnu/:/lib/../lib64/:/usr/lib/x86_64-linux-gnu/:/usr/local/lib/gcc/x86_64-pc-linux-gnu/11.2.0/../../../:/lib/:/usr/lib/]
  ignore line: [Reading specs from /usr/local/lib/gcc/x86_64-pc-linux-gnu/11.2.0/../../../../lib64/libgomp.spec]
  ignore line: [COLLECT_GCC_OPTIONS='-fopenmp' '-v' '-rdynamic' '-o' 'cmTC_e3864' '-v' '-mtune=generic' '-march=x86-64' '-pthread' '-dumpdir' 'cmTC_e3864.']
  link line: [ /usr/local/libexec/gcc/x86_64-pc-linux-gnu/11.2.0/collect2 -plugin /usr/local/libexec/gcc/x86_64-pc-linux-gnu/11.2.0/liblto_plugin.so -plugin-opt=/usr/local/libexec/gcc/x86_64-pc-linux-gnu/11.2.0/lto-wrapper -plugin-opt=-fresolution=/tmp/ccytApY6.res -plugin-opt=-pass-through=-lgcc -plugin-opt=-pass-through=-lgcc_s -plugin-opt=-pass-through=-lpthread -plugin-opt=-pass-through=-lc -plugin-opt=-pass-through=-lgcc -plugin-opt=-pass-through=-lgcc_s --eh-frame-hdr -m elf_x86_64 -export-dynamic -dynamic-linker /lib64/ld-linux-x86-64.so.2 -o cmTC_e3864 /usr/lib/x86_64-linux-gnu/crt1.o /usr/lib/x86_64-linux-gnu/crti.o /usr/local/lib/gcc/x86_64-pc-linux-gnu/11.2.0/crtbegin.o -L/usr/local/lib/gcc/x86_64-pc-linux-gnu/11.2.0 -L/usr/local/lib/gcc/x86_64-pc-linux-gnu/11.2.0/../../../../lib64 -L/lib/x86_64-linux-gnu -L/lib/../lib64 -L/usr/lib/x86_64-linux-gnu -L/usr/local/lib/gcc/x86_64-pc-linux-gnu/11.2.0/../../.. CMakeFiles/cmTC_e3864.dir/OpenMPTryFlag.c.o -lgomp -lgcc --push-state --as-needed -lgcc_s --pop-state -lpthread -lc -lgcc --push-state --as-needed -lgcc_s --pop-state /usr/local/lib/gcc/x86_64-pc-linux-gnu/11.2.0/crtend.o /usr/lib/x86_64-linux-gnu/crtn.o]
    arg [/usr/local/libexec/gcc/x86_64-pc-linux-gnu/11.2.0/collect2] ==> ignore
    arg [-plugin] ==> ignore
    arg [/usr/local/libexec/gcc/x86_64-pc-linux-gnu/11.2.0/liblto_plugin.so] ==> ignore
    arg [-plugin-opt=/usr/local/libexec/gcc/x86_64-pc-linux-gnu/11.2.0/lto-wrapper] ==> ignore
    arg [-plugin-opt=-fresolution=/tmp/ccytApY6.res] ==> ignore
    arg [-plugin-opt=-pass-through=-lgcc] ==> ignore
    arg [-plugin-opt=-pass-through=-lgcc_s] ==> ignore
    arg [-plugin-opt=-pass-through=-lpthread] ==> ignore
    arg [-plugin-opt=-pass-through=-lc] ==> ignore
    arg [-plugin-opt=-pass-through=-lgcc] ==> ignore
    arg [-plugin-opt=-pass-through=-lgcc_s] ==> ignore
    arg [--eh-frame-hdr] ==> ignore
    arg [-m] ==> ignore
    arg [elf_x86_64] ==> ignore
    arg [-export-dynamic] ==> ignore
    arg [-dynamic-linker] ==> ignore
    arg [/lib64/ld-linux-x86-64.so.2] ==> ignore
    arg [-o] ==> ignore
    arg [cmTC_e3864] ==> ignore
    arg [/usr/lib/x86_64-linux-gnu/crt1.o] ==> ignore
    arg [/usr/lib/x86_64-linux-gnu/crti.o] ==> ignore
    arg [/usr/local/lib/gcc/x86_64-pc-linux-gnu/11.2.0/crtbegin.o] ==> ignore
    arg [-L/usr/local/lib/gcc/x86_64-pc-linux-gnu/11.2.0] ==> dir [/usr/local/lib/gcc/x86_64-pc-linux-gnu/11.2.0]
    arg [-L/usr/local/lib/gcc/x86_64-pc-linux-gnu/11.2.0/../../../../lib64] ==> dir [/usr/local/lib/gcc/x86_64-pc-linux-gnu/11.2.0/../../../../lib64]
    arg [-L/lib/x86_64-linux-gnu] ==> dir [/lib/x86_64-linux-gnu]
    arg [-L/lib/../lib64] ==> dir [/lib/../lib64]
    arg [-L/usr/lib/x86_64-linux-gnu] ==> dir [/usr/lib/x86_64-linux-gnu]
    arg [-L/usr/local/lib/gcc/x86_64-pc-linux-gnu/11.2.0/../../..] ==> dir [/usr/local/lib/gcc/x86_64-pc-linux-gnu/11.2.0/../../..]
    arg [CMakeFiles/cmTC_e3864.dir/OpenMPTryFlag.c.o] ==> ignore
    arg [-lgomp] ==> lib [gomp]
    arg [-lgcc] ==> lib [gcc]
    arg [--push-state] ==> ignore
    arg [--as-needed] ==> ignore
    arg [-lgcc_s] ==> lib [gcc_s]
    arg [--pop-state] ==> ignore
    arg [-lpthread] ==> lib [pthread]
    arg [-lc] ==> lib [c]
    arg [-lgcc] ==> lib [gcc]
    arg [--push-state] ==> ignore
    arg [--as-needed] ==> ignore
    arg [-lgcc_s] ==> lib [gcc_s]
    arg [--pop-state] ==> ignore
    arg [/usr/local/lib/gcc/x86_64-pc-linux-gnu/11.2.0/crtend.o] ==> ignore
    arg [/usr/lib/x86_64-linux-gnu/crtn.o] ==> ignore
  collapse library dir [/usr/local/lib/gcc/x86_64-pc-linux-gnu/11.2.0] ==> [/usr/local/lib/gcc/x86_64-pc-linux-gnu/11.2.0]
  collapse library dir [/usr/local/lib/gcc/x86_64-pc-linux-gnu/11.2.0/../../../../lib64] ==> [/usr/local/lib64]
  collapse library dir [/lib/x86_64-linux-gnu] ==> [/lib/x86_64-linux-gnu]
  collapse library dir [/lib/../lib64] ==> [/lib64]
  collapse library dir [/usr/lib/x86_64-linux-gnu] ==> [/usr/lib/x86_64-linux-gnu]
  collapse library dir [/usr/local/lib/gcc/x86_64-pc-linux-gnu/11.2.0/../../..] ==> [/usr/local/lib]
  implicit libs: [gomp;gcc;gcc_s;pthread;c;gcc;gcc_s]
  implicit dirs: [/usr/local/lib/gcc/x86_64-pc-linux-gnu/11.2.0;/usr/local/lib64;/lib/x86_64-linux-gnu;/lib64;/usr/lib/x86_64-linux-gnu;/usr/local/lib]
  implicit fwks: []


Detecting CXX OpenMP compiler ABI info compiled with the following output:
Change Dir: /home/jindong/SLAM/Chap6/L6_code/Optical_Flow/build/CMakeFiles/CMakeTmp

Run Build Command(s):/usr/bin/make cmTC_7034a/fast && /usr/bin/make  -f CMakeFiles/cmTC_7034a.dir/build.make CMakeFiles/cmTC_7034a.dir/build
make[1]: Entering directory '/home/jindong/SLAM/Chap6/L6_code/Optical_Flow/build/CMakeFiles/CMakeTmp'
Building CXX object CMakeFiles/cmTC_7034a.dir/OpenMPTryFlag.cpp.o
/usr/bin/c++    -fopenmp -v   -o CMakeFiles/cmTC_7034a.dir/OpenMPTryFlag.cpp.o -c /home/jindong/SLAM/Chap6/L6_code/Optical_Flow/build/CMakeFiles/FindOpenMP/OpenMPTryFlag.cpp
Using built-in specs.
COLLECT_GCC=/usr/bin/c++
Target: x86_64-pc-linux-gnu
Configured with: ../configure -enable-checking=release -enable-languages=c,c++ -disable-multilib
Thread model: posix
Supported LTO compression algorithms: zlib
gcc version 11.2.0 (GCC) 
COLLECT_GCC_OPTIONS='-fopenmp' '-v' '-o' 'CMakeFiles/cmTC_7034a.dir/OpenMPTryFlag.cpp.o' '-c' '-shared-libgcc' '-mtune=generic' '-march=x86-64' '-pthread' '-dumpdir' 'CMakeFiles/cmTC_7034a.dir/'
 /usr/local/libexec/gcc/x86_64-pc-linux-gnu/11.2.0/cc1plus -quiet -v -imultiarch x86_64-linux-gnu -D_GNU_SOURCE -D_REENTRANT /home/jindong/SLAM/Chap6/L6_code/Optical_Flow/build/CMakeFiles/FindOpenMP/OpenMPTryFlag.cpp -quiet -dumpdir CMakeFiles/cmTC_7034a.dir/ -dumpbase OpenMPTryFlag.cpp.cpp -dumpbase-ext .cpp -mtune=generic -march=x86-64 -version -fopenmp -o /tmp/cchJlerd.s
GNU C++17 (GCC) version 11.2.0 (x86_64-pc-linux-gnu)
	compiled by GNU C version 11.2.0, GMP version 6.1.0, MPFR version 3.1.6, MPC version 1.0.3, isl version isl-0.18-GMP

GGC heuristics: --param ggc-min-expand=100 --param ggc-min-heapsize=131072
ignoring nonexistent directory "/usr/local/include/x86_64-linux-gnu"
ignoring nonexistent directory "/usr/local/lib/gcc/x86_64-pc-linux-gnu/11.2.0/../../../../x86_64-pc-linux-gnu/include"
#include "..." search starts here:
#include <...> search starts here:
 /usr/local/lib/gcc/x86_64-pc-linux-gnu/11.2.0/../../../../include/c++/11.2.0
 /usr/local/lib/gcc/x86_64-pc-linux-gnu/11.2.0/../../../../include/c++/11.2.0/x86_64-pc-linux-gnu
 /usr/local/lib/gcc/x86_64-pc-linux-gnu/11.2.0/../../../../include/c++/11.2.0/backward
 /usr/local/lib/gcc/x86_64-pc-linux-gnu/11.2.0/include
 /usr/local/include
 /usr/local/lib/gcc/x86_64-pc-linux-gnu/11.2.0/include-fixed
 /usr/include/x86_64-linux-gnu
 /usr/include
End of search list.
GNU C++17 (GCC) version 11.2.0 (x86_64-pc-linux-gnu)
	compiled by GNU C version 11.2.0, GMP version 6.1.0, MPFR version 3.1.6, MPC version 1.0.3, isl version isl-0.18-GMP

GGC heuristics: --param ggc-min-expand=100 --param ggc-min-heapsize=131072
Compiler executable checksum: 27768e2462d3f106440b1dbb3a36097c
COLLECT_GCC_OPTIONS='-fopenmp' '-v' '-o' 'CMakeFiles/cmTC_7034a.dir/OpenMPTryFlag.cpp.o' '-c' '-shared-libgcc' '-mtune=generic' '-march=x86-64' '-pthread' '-dumpdir' 'CMakeFiles/cmTC_7034a.dir/'
 as -v --64 -o CMakeFiles/cmTC_7034a.dir/OpenMPTryFlag.cpp.o /tmp/cchJlerd.s
GNU assembler version 2.30 (x86_64-linux-gnu) using BFD version (GNU Binutils for Ubuntu) 2.30
COMPILER_PATH=/usr/local/libexec/gcc/x86_64-pc-linux-gnu/11.2.0/:/usr/local/libexec/gcc/x86_64-pc-linux-gnu/11.2.0/:/usr/local/libexec/gcc/x86_64-pc-linux-gnu/:/usr/local/lib/gcc/x86_64-pc-linux-gnu/11.2.0/:/usr/local/lib/gcc/x86_64-pc-linux-gnu/
LIBRARY_PATH=/usr/local/lib/gcc/x86_64-pc-linux-gnu/11.2.0/:/usr/local/lib/gcc/x86_64-pc-linux-gnu/11.2.0/../../../../lib64/:/lib/x86_64-linux-gnu/:/lib/../lib64/:/usr/lib/x86_64-linux-gnu/:/usr/local/lib/gcc/x86_64-pc-linux-gnu/11.2.0/../../../:/lib/:/usr/lib/
COLLECT_GCC_OPTIONS='-fopenmp' '-v' '-o' 'CMakeFiles/cmTC_7034a.dir/OpenMPTryFlag.cpp.o' '-c' '-shared-libgcc' '-mtune=generic' '-march=x86-64' '-pthread' '-dumpdir' 'CMakeFiles/cmTC_7034a.dir/OpenMPTryFlag.cpp.'
Linking CXX executable cmTC_7034a
/usr/local/bin/cmake -E cmake_link_script CMakeFiles/cmTC_7034a.dir/link.txt --verbose=1
/usr/bin/c++   -fopenmp -v    -rdynamic CMakeFiles/cmTC_7034a.dir/OpenMPTryFlag.cpp.o  -o cmTC_7034a  -v 
Using built-in specs.
COLLECT_GCC=/usr/bin/c++
COLLECT_LTO_WRAPPER=/usr/local/libexec/gcc/x86_64-pc-linux-gnu/11.2.0/lto-wrapper
Target: x86_64-pc-linux-gnu
Configured with: ../configure -enable-checking=release -enable-languages=c,c++ -disable-multilib
Thread model: posix
Supported LTO compression algorithms: zlib
gcc version 11.2.0 (GCC) 
COMPILER_PATH=/usr/local/libexec/gcc/x86_64-pc-linux-gnu/11.2.0/:/usr/local/libexec/gcc/x86_64-pc-linux-gnu/11.2.0/:/usr/local/libexec/gcc/x86_64-pc-linux-gnu/:/usr/local/lib/gcc/x86_64-pc-linux-gnu/11.2.0/:/usr/local/lib/gcc/x86_64-pc-linux-gnu/
LIBRARY_PATH=/usr/local/lib/gcc/x86_64-pc-linux-gnu/11.2.0/:/usr/local/lib/gcc/x86_64-pc-linux-gnu/11.2.0/../../../../lib64/:/lib/x86_64-linux-gnu/:/lib/../lib64/:/usr/lib/x86_64-linux-gnu/:/usr/local/lib/gcc/x86_64-pc-linux-gnu/11.2.0/../../../:/lib/:/usr/lib/
Reading specs from /usr/local/lib/gcc/x86_64-pc-linux-gnu/11.2.0/../../../../lib64/libgomp.spec
COLLECT_GCC_OPTIONS='-fopenmp' '-v' '-rdynamic' '-o' 'cmTC_7034a' '-v' '-shared-libgcc' '-mtune=generic' '-march=x86-64' '-pthread' '-dumpdir' 'cmTC_7034a.'
 /usr/local/libexec/gcc/x86_64-pc-linux-gnu/11.2.0/collect2 -plugin /usr/local/libexec/gcc/x86_64-pc-linux-gnu/11.2.0/liblto_plugin.so -plugin-opt=/usr/local/libexec/gcc/x86_64-pc-linux-gnu/11.2.0/lto-wrapper -plugin-opt=-fresolution=/tmp/ccDTTR9i.res -plugin-opt=-pass-through=-lgcc_s -plugin-opt=-pass-through=-lgcc -plugin-opt=-pass-through=-lpthread -plugin-opt=-pass-through=-lc -plugin-opt=-pass-through=-lgcc_s -plugin-opt=-pass-through=-lgcc --eh-frame-hdr -m elf_x86_64 -export-dynamic -dynamic-linker /lib64/ld-linux-x86-64.so.2 -o cmTC_7034a /usr/lib/x86_64-linux-gnu/crt1.o /usr/lib/x86_64-linux-gnu/crti.o /usr/local/lib/gcc/x86_64-pc-linux-gnu/11.2.0/crtbegin.o -L/usr/local/lib/gcc/x86_64-pc-linux-gnu/11.2.0 -L/usr/local/lib/gcc/x86_64-pc-linux-gnu/11.2.0/../../../../lib64 -L/lib/x86_64-linux-gnu -L/lib/../lib64 -L/usr/lib/x86_64-linux-gnu -L/usr/local/lib/gcc/x86_64-pc-linux-gnu/11.2.0/../../.. CMakeFiles/cmTC_7034a.dir/OpenMPTryFlag.cpp.o -lstdc++ -lm -lgomp -lgcc_s -lgcc -lpthread -lc -lgcc_s -lgcc /usr/local/lib/gcc/x86_64-pc-linux-gnu/11.2.0/crtend.o /usr/lib/x86_64-linux-gnu/crtn.o
COLLECT_GCC_OPTIONS='-fopenmp' '-v' '-rdynamic' '-o' 'cmTC_7034a' '-v' '-shared-libgcc' '-mtune=generic' '-march=x86-64' '-pthread' '-dumpdir' 'cmTC_7034a.'
make[1]: Leaving directory '/home/jindong/SLAM/Chap6/L6_code/Optical_Flow/build/CMakeFiles/CMakeTmp'



Parsed CXX OpenMP implicit link information from above output:
  link line regex: [^( *|.*[/\])(ld|CMAKE_LINK_STARTFILE-NOTFOUND|([^/\]+-)?ld|collect2)[^/\]*( |$)]
  ignore line: [Change Dir: /home/jindong/SLAM/Chap6/L6_code/Optical_Flow/build/CMakeFiles/CMakeTmp]
  ignore line: []
  ignore line: [Run Build Command(s):/usr/bin/make cmTC_7034a/fast && /usr/bin/make  -f CMakeFiles/cmTC_7034a.dir/build.make CMakeFiles/cmTC_7034a.dir/build]
  ignore line: [make[1]: Entering directory '/home/jindong/SLAM/Chap6/L6_code/Optical_Flow/build/CMakeFiles/CMakeTmp']
  ignore line: [Building CXX object CMakeFiles/cmTC_7034a.dir/OpenMPTryFlag.cpp.o]
  ignore line: [/usr/bin/c++    -fopenmp -v   -o CMakeFiles/cmTC_7034a.dir/OpenMPTryFlag.cpp.o -c /home/jindong/SLAM/Chap6/L6_code/Optical_Flow/build/CMakeFiles/FindOpenMP/OpenMPTryFlag.cpp]
  ignore line: [Using built-in specs.]
  ignore line: [COLLECT_GCC=/usr/bin/c++]
  ignore line: [Target: x86_64-pc-linux-gnu]
  ignore line: [Configured with: ../configure -enable-checking=release -enable-languages=c c++ -disable-multilib]
  ignore line: [Thread model: posix]
  ignore line: [Supported LTO compression algorithms: zlib]
  ignore line: [gcc version 11.2.0 (GCC) ]
  ignore line: [COLLECT_GCC_OPTIONS='-fopenmp' '-v' '-o' 'CMakeFiles/cmTC_7034a.dir/OpenMPTryFlag.cpp.o' '-c' '-shared-libgcc' '-mtune=generic' '-march=x86-64' '-pthread' '-dumpdir' 'CMakeFiles/cmTC_7034a.dir/']
  ignore line: [ /usr/local/libexec/gcc/x86_64-pc-linux-gnu/11.2.0/cc1plus -quiet -v -imultiarch x86_64-linux-gnu -D_GNU_SOURCE -D_REENTRANT /home/jindong/SLAM/Chap6/L6_code/Optical_Flow/build/CMakeFiles/FindOpenMP/OpenMPTryFlag.cpp -quiet -dumpdir CMakeFiles/cmTC_7034a.dir/ -dumpbase OpenMPTryFlag.cpp.cpp -dumpbase-ext .cpp -mtune=generic -march=x86-64 -version -fopenmp -o /tmp/cchJlerd.s]
  ignore line: [GNU C++17 (GCC) version 11.2.0 (x86_64-pc-linux-gnu)]
  ignore line: [	compiled by GNU C version 11.2.0  GMP version 6.1.0  MPFR version 3.1.6  MPC version 1.0.3  isl version isl-0.18-GMP]
  ignore line: []
  ignore line: [GGC heuristics: --param ggc-min-expand=100 --param ggc-min-heapsize=131072]
  ignore line: [ignoring nonexistent directory "/usr/local/include/x86_64-linux-gnu"]
  ignore line: [ignoring nonexistent directory "/usr/local/lib/gcc/x86_64-pc-linux-gnu/11.2.0/../../../../x86_64-pc-linux-gnu/include"]
  ignore line: [#include "..." search starts here:]
  ignore line: [#include <...> search starts here:]
  ignore line: [ /usr/local/lib/gcc/x86_64-pc-linux-gnu/11.2.0/../../../../include/c++/11.2.0]
  ignore line: [ /usr/local/lib/gcc/x86_64-pc-linux-gnu/11.2.0/../../../../include/c++/11.2.0/x86_64-pc-linux-gnu]
  ignore line: [ /usr/local/lib/gcc/x86_64-pc-linux-gnu/11.2.0/../../../../include/c++/11.2.0/backward]
  ignore line: [ /usr/local/lib/gcc/x86_64-pc-linux-gnu/11.2.0/include]
  ignore line: [ /usr/local/include]
  ignore line: [ /usr/local/lib/gcc/x86_64-pc-linux-gnu/11.2.0/include-fixed]
  ignore line: [ /usr/include/x86_64-linux-gnu]
  ignore line: [ /usr/include]
  ignore line: [End of search list.]
  ignore line: [GNU C++17 (GCC) version 11.2.0 (x86_64-pc-linux-gnu)]
  ignore line: [	compiled by GNU C version 11.2.0  GMP version 6.1.0  MPFR version 3.1.6  MPC version 1.0.3  isl version isl-0.18-GMP]
  ignore line: []
  ignore line: [GGC heuristics: --param ggc-min-expand=100 --param ggc-min-heapsize=131072]
  ignore line: [Compiler executable checksum: 27768e2462d3f106440b1dbb3a36097c]
  ignore line: [COLLECT_GCC_OPTIONS='-fopenmp' '-v' '-o' 'CMakeFiles/cmTC_7034a.dir/OpenMPTryFlag.cpp.o' '-c' '-shared-libgcc' '-mtune=generic' '-march=x86-64' '-pthread' '-dumpdir' 'CMakeFiles/cmTC_7034a.dir/']
  ignore line: [ as -v --64 -o CMakeFiles/cmTC_7034a.dir/OpenMPTryFlag.cpp.o /tmp/cchJlerd.s]
  ignore line: [GNU assembler version 2.30 (x86_64-linux-gnu) using BFD version (GNU Binutils for Ubuntu) 2.30]
  ignore line: [COMPILER_PATH=/usr/local/libexec/gcc/x86_64-pc-linux-gnu/11.2.0/:/usr/local/libexec/gcc/x86_64-pc-linux-gnu/11.2.0/:/usr/local/libexec/gcc/x86_64-pc-linux-gnu/:/usr/local/lib/gcc/x86_64-pc-linux-gnu/11.2.0/:/usr/local/lib/gcc/x86_64-pc-linux-gnu/]
  ignore line: [LIBRARY_PATH=/usr/local/lib/gcc/x86_64-pc-linux-gnu/11.2.0/:/usr/local/lib/gcc/x86_64-pc-linux-gnu/11.2.0/../../../../lib64/:/lib/x86_64-linux-gnu/:/lib/../lib64/:/usr/lib/x86_64-linux-gnu/:/usr/local/lib/gcc/x86_64-pc-linux-gnu/11.2.0/../../../:/lib/:/usr/lib/]
  ignore line: [COLLECT_GCC_OPTIONS='-fopenmp' '-v' '-o' 'CMakeFiles/cmTC_7034a.dir/OpenMPTryFlag.cpp.o' '-c' '-shared-libgcc' '-mtune=generic' '-march=x86-64' '-pthread' '-dumpdir' 'CMakeFiles/cmTC_7034a.dir/OpenMPTryFlag.cpp.']
  ignore line: [Linking CXX executable cmTC_7034a]
  ignore line: [/usr/local/bin/cmake -E cmake_link_script CMakeFiles/cmTC_7034a.dir/link.txt --verbose=1]
  ignore line: [/usr/bin/c++   -fopenmp -v    -rdynamic CMakeFiles/cmTC_7034a.dir/OpenMPTryFlag.cpp.o  -o cmTC_7034a  -v ]
  ignore line: [Using built-in specs.]
  ignore line: [COLLECT_GCC=/usr/bin/c++]
  ignore line: [COLLECT_LTO_WRAPPER=/usr/local/libexec/gcc/x86_64-pc-linux-gnu/11.2.0/lto-wrapper]
  ignore line: [Target: x86_64-pc-linux-gnu]
  ignore line: [Configured with: ../configure -enable-checking=release -enable-languages=c c++ -disable-multilib]
  ignore line: [Thread model: posix]
  ignore line: [Supported LTO compression algorithms: zlib]
  ignore line: [gcc version 11.2.0 (GCC) ]
  ignore line: [COMPILER_PATH=/usr/local/libexec/gcc/x86_64-pc-linux-gnu/11.2.0/:/usr/local/libexec/gcc/x86_64-pc-linux-gnu/11.2.0/:/usr/local/libexec/gcc/x86_64-pc-linux-gnu/:/usr/local/lib/gcc/x86_64-pc-linux-gnu/11.2.0/:/usr/local/lib/gcc/x86_64-pc-linux-gnu/]
  ignore line: [LIBRARY_PATH=/usr/local/lib/gcc/x86_64-pc-linux-gnu/11.2.0/:/usr/local/lib/gcc/x86_64-pc-linux-gnu/11.2.0/../../../../lib64/:/lib/x86_64-linux-gnu/:/lib/../lib64/:/usr/lib/x86_64-linux-gnu/:/usr/local/lib/gcc/x86_64-pc-linux-gnu/11.2.0/../../../:/lib/:/usr/lib/]
  ignore line: [Reading specs from /usr/local/lib/gcc/x86_64-pc-linux-gnu/11.2.0/../../../../lib64/libgomp.spec]
  ignore line: [COLLECT_GCC_OPTIONS='-fopenmp' '-v' '-rdynamic' '-o' 'cmTC_7034a' '-v' '-shared-libgcc' '-mtune=generic' '-march=x86-64' '-pthread' '-dumpdir' 'cmTC_7034a.']
  link line: [ /usr/local/libexec/gcc/x86_64-pc-linux-gnu/11.2.0/collect2 -plugin /usr/local/libexec/gcc/x86_64-pc-linux-gnu/11.2.0/liblto_plugin.so -plugin-opt=/usr/local/libexec/gcc/x86_64-pc-linux-gnu/11.2.0/lto-wrapper -plugin-opt=-fresolution=/tmp/ccDTTR9i.res -plugin-opt=-pass-through=-lgcc_s -plugin-opt=-pass-through=-lgcc -plugin-opt=-pass-through=-lpthread -plugin-opt=-pass-through=-lc -plugin-opt=-pass-through=-lgcc_s -plugin-opt=-pass-through=-lgcc --eh-frame-hdr -m elf_x86_64 -export-dynamic -dynamic-linker /lib64/ld-linux-x86-64.so.2 -o cmTC_7034a /usr/lib/x86_64-linux-gnu/crt1.o /usr/lib/x86_64-linux-gnu/crti.o /usr/local/lib/gcc/x86_64-pc-linux-gnu/11.2.0/crtbegin.o -L/usr/local/lib/gcc/x86_64-pc-linux-gnu/11.2.0 -L/usr/local/lib/gcc/x86_64-pc-linux-gnu/11.2.0/../../../../lib64 -L/lib/x86_64-linux-gnu -L/lib/../lib64 -L/usr/lib/x86_64-linux-gnu -L/usr/local/lib/gcc/x86_64-pc-linux-gnu/11.2.0/../../.. CMakeFiles/cmTC_7034a.dir/OpenMPTryFlag.cpp.o -lstdc++ -lm -lgomp -lgcc_s -lgcc -lpthread -lc -lgcc_s -lgcc /usr/local/lib/gcc/x86_64-pc-linux-gnu/11.2.0/crtend.o /usr/lib/x86_64-linux-gnu/crtn.o]
    arg [/usr/local/libexec/gcc/x86_64-pc-linux-gnu/11.2.0/collect2] ==> ignore
    arg [-plugin] ==> ignore
    arg [/usr/local/libexec/gcc/x86_64-pc-linux-gnu/11.2.0/liblto_plugin.so] ==> ignore
    arg [-plugin-opt=/usr/local/libexec/gcc/x86_64-pc-linux-gnu/11.2.0/lto-wrapper] ==> ignore
    arg [-plugin-opt=-fresolution=/tmp/ccDTTR9i.res] ==> ignore
    arg [-plugin-opt=-pass-through=-lgcc_s] ==> ignore
    arg [-plugin-opt=-pass-through=-lgcc] ==> ignore
    arg [-plugin-opt=-pass-through=-lpthread] ==> ignore
    arg [-plugin-opt=-pass-through=-lc] ==> ignore
    arg [-plugin-opt=-pass-through=-lgcc_s] ==> ignore
    arg [-plugin-opt=-pass-through=-lgcc] ==> ignore
    arg [--eh-frame-hdr] ==> ignore
    arg [-m] ==> ignore
    arg [elf_x86_64] ==> ignore
    arg [-export-dynamic] ==> ignore
    arg [-dynamic-linker] ==> ignore
    arg [/lib64/ld-linux-x86-64.so.2] ==> ignore
    arg [-o] ==> ignore
    arg [cmTC_7034a] ==> ignore
    arg [/usr/lib/x86_64-linux-gnu/crt1.o] ==> ignore
    arg [/usr/lib/x86_64-linux-gnu/crti.o] ==> ignore
    arg [/usr/local/lib/gcc/x86_64-pc-linux-gnu/11.2.0/crtbegin.o] ==> ignore
    arg [-L/usr/local/lib/gcc/x86_64-pc-linux-gnu/11.2.0] ==> dir [/usr/local/lib/gcc/x86_64-pc-linux-gnu/11.2.0]
    arg [-L/usr/local/lib/gcc/x86_64-pc-linux-gnu/11.2.0/../../../../lib64] ==> dir [/usr/local/lib/gcc/x86_64-pc-linux-gnu/11.2.0/../../../../lib64]
    arg [-L/lib/x86_64-linux-gnu] ==> dir [/lib/x86_64-linux-gnu]
    arg [-L/lib/../lib64] ==> dir [/lib/../lib64]
    arg [-L/usr/lib/x86_64-linux-gnu] ==> dir [/usr/lib/x86_64-linux-gnu]
    arg [-L/usr/local/lib/gcc/x86_64-pc-linux-gnu/11.2.0/../../..] ==> dir [/usr/local/lib/gcc/x86_64-pc-linux-gnu/11.2.0/../../..]
    arg [CMakeFiles/cmTC_7034a.dir/OpenMPTryFlag.cpp.o] ==> ignore
    arg [-lstdc++] ==> lib [stdc++]
    arg [-lm] ==> lib [m]
    arg [-lgomp] ==> lib [gomp]
    arg [-lgcc_s] ==> lib [gcc_s]
    arg [-lgcc] ==> lib [gcc]
    arg [-lpthread] ==> lib [pthread]
    arg [-lc] ==> lib [c]
    arg [-lgcc_s] ==> lib [gcc_s]
    arg [-lgcc] ==> lib [gcc]
    arg [/usr/local/lib/gcc/x86_64-pc-linux-gnu/11.2.0/crtend.o] ==> ignore
    arg [/usr/lib/x86_64-linux-gnu/crtn.o] ==> ignore
  collapse library dir [/usr/local/lib/gcc/x86_64-pc-linux-gnu/11.2.0] ==> [/usr/local/lib/gcc/x86_64-pc-linux-gnu/11.2.0]
  collapse library dir [/usr/local/lib/gcc/x86_64-pc-linux-gnu/11.2.0/../../../../lib64] ==> [/usr/local/lib64]
  collapse library dir [/lib/x86_64-linux-gnu] ==> [/lib/x86_64-linux-gnu]
  collapse library dir [/lib/../lib64] ==> [/lib64]
  collapse library dir [/usr/lib/x86_64-linux-gnu] ==> [/usr/lib/x86_64-linux-gnu]
  collapse library dir [/usr/local/lib/gcc/x86_64-pc-linux-gnu/11.2.0/../../..] ==> [/usr/local/lib]
  implicit libs: [stdc++;m;gomp;gcc_s;gcc;pthread;c;gcc_s;gcc]
  implicit dirs: [/usr/local/lib/gcc/x86_64-pc-linux-gnu/11.2.0;/usr/local/lib64;/lib/x86_64-linux-gnu;/lib64;/usr/lib/x86_64-linux-gnu;/usr/local/lib]
  implicit fwks: []


