Performing C SOURCE FILE Test CMAKE_HAVE_LIBC_PTHREAD failed with the following output:
Change Dir: /home/jindong/SLAM/Chap6/L6_code/Direct_Method/build/CMakeFiles/CMakeTmp

Run Build Command(s):/usr/bin/make cmTC_245cc/fast && /usr/bin/make  -f CMakeFiles/cmTC_245cc.dir/build.make CMakeFiles/cmTC_245cc.dir/build
make[1]: Entering directory '/home/jindong/SLAM/Chap6/L6_code/Direct_Method/build/CMakeFiles/CMakeTmp'
Building C object CMakeFiles/cmTC_245cc.dir/src.c.o
/usr/bin/cc   -DCMAKE_HAVE_LIBC_PTHREAD   -o CMakeFiles/cmTC_245cc.dir/src.c.o   -c /home/jindong/SLAM/Chap6/L6_code/Direct_Method/build/CMakeFiles/CMakeTmp/src.c
Linking C executable cmTC_245cc
/usr/local/bin/cmake -E cmake_link_script CMakeFiles/cmTC_245cc.dir/link.txt --verbose=1
/usr/bin/cc  -DCMAKE_HAVE_LIBC_PTHREAD    -rdynamic CMakeFiles/cmTC_245cc.dir/src.c.o  -o cmTC_245cc 
CMakeFiles/cmTC_245cc.dir/src.c.o: In function `main':
src.c:(.text+0x2d): undefined reference to `pthread_create'
src.c:(.text+0x39): undefined reference to `pthread_detach'
src.c:(.text+0x45): undefined reference to `pthread_cancel'
src.c:(.text+0x56): undefined reference to `pthread_join'
src.c:(.text+0x6a): undefined reference to `pthread_atfork'
collect2: error: ld returned 1 exit status
CMakeFiles/cmTC_245cc.dir/build.make:106: recipe for target 'cmTC_245cc' failed
make[1]: *** [cmTC_245cc] Error 1
make[1]: Leaving directory '/home/jindong/SLAM/Chap6/L6_code/Direct_Method/build/CMakeFiles/CMakeTmp'
Makefile:141: recipe for target 'cmTC_245cc/fast' failed
make: *** [cmTC_245cc/fast] Error 2


Source file was:
#include <pthread.h>

void* test_func(void* data)
{
  return data;
}

int main(void)
{
  pthread_t thread;
  pthread_create(&thread, NULL, test_func, NULL);
  pthread_detach(thread);
  pthread_cancel(thread);
  pthread_join(thread, NULL);
  pthread_atfork(NULL, NULL, NULL);
  pthread_exit(NULL);

  return 0;
}

Determining if the function pthread_create exists in the pthreads failed with the following output:
Change Dir: /home/jindong/SLAM/Chap6/L6_code/Direct_Method/build/CMakeFiles/CMakeTmp

Run Build Command(s):/usr/bin/make cmTC_06679/fast && /usr/bin/make  -f CMakeFiles/cmTC_06679.dir/build.make CMakeFiles/cmTC_06679.dir/build
make[1]: Entering directory '/home/jindong/SLAM/Chap6/L6_code/Direct_Method/build/CMakeFiles/CMakeTmp'
Building C object CMakeFiles/cmTC_06679.dir/CheckFunctionExists.c.o
/usr/bin/cc   -DCHECK_FUNCTION_EXISTS=pthread_create   -o CMakeFiles/cmTC_06679.dir/CheckFunctionExists.c.o   -c /usr/local/share/cmake-3.17/Modules/CheckFunctionExists.c
Linking C executable cmTC_06679
/usr/local/bin/cmake -E cmake_link_script CMakeFiles/cmTC_06679.dir/link.txt --verbose=1
/usr/bin/cc  -DCHECK_FUNCTION_EXISTS=pthread_create    -rdynamic CMakeFiles/cmTC_06679.dir/CheckFunctionExists.c.o  -o cmTC_06679  -lpthreads 
/usr/bin/ld: cannot find -lpthreads
collect2: error: ld returned 1 exit status
CMakeFiles/cmTC_06679.dir/build.make:106: recipe for target 'cmTC_06679' failed
make[1]: *** [cmTC_06679] Error 1
make[1]: Leaving directory '/home/jindong/SLAM/Chap6/L6_code/Direct_Method/build/CMakeFiles/CMakeTmp'
Makefile:141: recipe for target 'cmTC_06679/fast' failed
make: *** [cmTC_06679/fast] Error 2



