Performing C SOURCE FILE Test CMAKE_HAVE_LIBC_PTHREAD failed with the following output:
Change Dir: /home/jindong/SLAM/VSLAM_GAO/cmake-build-debug/CMakeFiles/CMakeTmp

Run Build Command(s):/usr/bin/make -f Makefile cmTC_f6572/fast && /usr/bin/make  -f CMakeFiles/cmTC_f6572.dir/build.make CMakeFiles/cmTC_f6572.dir/build
make[1]: Entering directory '/home/jindong/SLAM/VSLAM_GAO/cmake-build-debug/CMakeFiles/CMakeTmp'
Building C object CMakeFiles/cmTC_f6572.dir/src.c.o
/usr/bin/cc -DCMAKE_HAVE_LIBC_PTHREAD   -o CMakeFiles/cmTC_f6572.dir/src.c.o -c /home/jindong/SLAM/VSLAM_GAO/cmake-build-debug/CMakeFiles/CMakeTmp/src.c
Linking C executable cmTC_f6572
/snap/clion/169/bin/cmake/linux/bin/cmake -E cmake_link_script CMakeFiles/cmTC_f6572.dir/link.txt --verbose=1
/usr/bin/cc -rdynamic CMakeFiles/cmTC_f6572.dir/src.c.o -o cmTC_f6572 
CMakeFiles/cmTC_f6572.dir/src.c.o: In function `main':
src.c:(.text+0x2d): undefined reference to `pthread_create'
src.c:(.text+0x39): undefined reference to `pthread_detach'
src.c:(.text+0x45): undefined reference to `pthread_cancel'
src.c:(.text+0x56): undefined reference to `pthread_join'
src.c:(.text+0x6a): undefined reference to `pthread_atfork'
collect2: error: ld returned 1 exit status
CMakeFiles/cmTC_f6572.dir/build.make:98: recipe for target 'cmTC_f6572' failed
make[1]: *** [cmTC_f6572] Error 1
make[1]: Leaving directory '/home/jindong/SLAM/VSLAM_GAO/cmake-build-debug/CMakeFiles/CMakeTmp'
Makefile:127: recipe for target 'cmTC_f6572/fast' failed
make: *** [cmTC_f6572/fast] Error 2


Source file was:
#include <pthread.h>

static void* test_func(void* data)
{
  return data;
}

int main(void)
{
  pthread_t thread;
  pthread_create(&thread, NULL, test_func, NULL);
  pthread_detach(thread);
  pthread_cancel(thread);
  pthread_join(thread, NULL);
  pthread_atfork(NULL, NULL, NULL);
  pthread_exit(NULL);

  return 0;
}

Determining if the function pthread_create exists in the pthreads failed with the following output:
Change Dir: /home/jindong/SLAM/VSLAM_GAO/cmake-build-debug/CMakeFiles/CMakeTmp

Run Build Command(s):/usr/bin/make -f Makefile cmTC_7887e/fast && /usr/bin/make  -f CMakeFiles/cmTC_7887e.dir/build.make CMakeFiles/cmTC_7887e.dir/build
make[1]: Entering directory '/home/jindong/SLAM/VSLAM_GAO/cmake-build-debug/CMakeFiles/CMakeTmp'
Building C object CMakeFiles/cmTC_7887e.dir/CheckFunctionExists.c.o
/usr/bin/cc   -DCHECK_FUNCTION_EXISTS=pthread_create -o CMakeFiles/cmTC_7887e.dir/CheckFunctionExists.c.o -c /snap/clion/169/bin/cmake/linux/share/cmake-3.20/Modules/CheckFunctionExists.c
Linking C executable cmTC_7887e
/snap/clion/169/bin/cmake/linux/bin/cmake -E cmake_link_script CMakeFiles/cmTC_7887e.dir/link.txt --verbose=1
/usr/bin/cc  -DCHECK_FUNCTION_EXISTS=pthread_create -rdynamic CMakeFiles/cmTC_7887e.dir/CheckFunctionExists.c.o -o cmTC_7887e  -lpthreads 
/usr/bin/ld: cannot find -lpthreads
collect2: error: ld returned 1 exit status
CMakeFiles/cmTC_7887e.dir/build.make:98: recipe for target 'cmTC_7887e' failed
make[1]: *** [cmTC_7887e] Error 1
make[1]: Leaving directory '/home/jindong/SLAM/VSLAM_GAO/cmake-build-debug/CMakeFiles/CMakeTmp'
Makefile:127: recipe for target 'cmTC_7887e/fast' failed
make: *** [cmTC_7887e/fast] Error 2



